[1761900336.3179796] INFO: task_start: TaskID=e8b88689, is_malicious=True
[1761900336.3179796] INFO: model_query: Query=1/115, Confidence=0.9682, Features=[19.5531, 0.0107, 88.9724, 11.886, 40.2378]...
[1761900336.7027893] INFO: model_query: Query=2/115, Confidence=0.9037, Features=[19.5267, 0.0123, 88.9895, 11.9021, 40.232]...
[1761900336.8829095] INFO: model_query: Query=3/115, Confidence=0.9745, Features=[19.5353, 0.0044, 88.9758, 11.8918, 40.224]...
[1761900337.3124428] INFO: model_query: Query=4/115, Confidence=0.9051, Features=[19.5318, 0.0186, 88.9826, 11.8909, 40.236]...
[1761900338.098411] INFO: model_query: Query=5/115, Confidence=0.9091, Features=[19.5252, 0.0039, 88.9804, 11.9097, 40.2301]...
[1761900338.6890755] INFO: model_query: Query=6/115, Confidence=0.9376, Features=[19.5252, -0.0027, 88.9701, 11.8914, 40.2396]...
[1761900338.0816312] INFO: model_query: Query=7/115, Confidence=0.9427, Features=[19.517, -0.0151, 88.9824, 11.8871, 40.2245]...
[1761900337.7154338] INFO: model_query: Query=8/115, Confidence=0.9443, Features=[19.5376, -0.0035, 88.9697, 11.898, 40.2494]...
[1761900338.4484189] INFO: model_query: Query=9/115, Confidence=0.9857, Features=[19.5407, -0.0135, 88.9832, 11.8955, 40.237]...
[1761900336.8583665] INFO: model_query: Query=10/115, Confidence=0.9525, Features=[19.5392, 0.0304, 88.9792, 11.8898, 40.2297]...
[1761900337.642942] INFO: model_query: Query=11/115, Confidence=0.9772, Features=[19.5449, 0.013, 88.9732, 11.8728, 40.234]...
[1761900336.9459314] INFO: model_query: Query=12/115, Confidence=0.9850, Features=[19.5353, 0.0176, 88.9526, 11.8994, 40.2219]...
[1761900339.278196] INFO: model_query: Query=13/115, Confidence=0.9516, Features=[19.5306, -0.0072, 88.9856, 11.8886, 40.2351]...
[1761900338.1568582] INFO: model_query: Query=14/115, Confidence=0.9364, Features=[19.5274, 0.0154, 88.9793, 11.8728, 40.2553]...
[1761900339.1258724] INFO: model_query: Query=15/115, Confidence=0.9476, Features=[19.5414, 0.0142, 88.9693, 11.8843, 40.2343]...
[1761900338.1412256] INFO: model_query: Query=16/115, Confidence=0.9346, Features=[19.5148, -0.0069, 88.9793, 11.8897, 40.2424]...
[1761900338.6639955] INFO: model_query: Query=17/115, Confidence=0.9337, Features=[19.5343, 0.0044, 88.9785, 11.876, 40.2325]...
[1761900337.9463692] INFO: model_query: Query=18/115, Confidence=0.9372, Features=[19.5058, 0.0104, 88.9681, 11.8846, 40.2392]...
[1761900339.8748124] INFO: model_query: Query=19/115, Confidence=0.9556, Features=[19.5301, 0.0022, 88.9658, 11.8838, 40.2421]...
[1761900339.6224475] INFO: model_query: Query=20/115, Confidence=0.9064, Features=[19.5443, -0.0009, 88.973, 11.8958, 40.2201]...
[1761900343.153523] INFO: model_query: Query=21/115, Confidence=0.9344, Features=[19.5238, -0.0041, 88.9902, 11.901, 40.2274]...
[1761900342.694203] INFO: model_query: Query=22/115, Confidence=0.9618, Features=[19.5228, 0.0147, 88.966, 11.8955, 40.2513]...
[1761900344.099371] INFO: model_query: Query=23/115, Confidence=0.9599, Features=[19.5377, 0.0082, 88.9945, 11.9033, 40.2518]...
[1761900342.2665527] INFO: model_query: Query=24/115, Confidence=0.9510, Features=[19.5193, 0.0037, 88.9802, 11.8927, 40.2487]...
[1761900337.6544988] INFO: model_query: Query=25/115, Confidence=0.9803, Features=[19.5384, 0.012, 88.9577, 11.8885, 40.2513]...
[1761900342.6911778] INFO: model_query: Query=26/115, Confidence=0.9334, Features=[19.5264, 0.0108, 88.9802, 11.8782, 40.2366]...
[1761900343.4797628] INFO: model_query: Query=27/115, Confidence=0.9830, Features=[19.5338, -0.0139, 88.9635, 11.8773, 40.2278]...
[1761900348.7253625] INFO: model_query: Query=28/115, Confidence=0.9331, Features=[19.5218, 0.0168, 88.9744, 11.8823, 40.2393]...
[1761900339.5552502] INFO: model_query: Query=29/115, Confidence=0.9245, Features=[19.5374, -0.0036, 88.9709, 11.9157, 40.2336]...
[1761900339.7404306] INFO: model_query: Query=30/115, Confidence=0.9337, Features=[19.531, -0.0008, 88.9861, 11.8981, 40.2372]...
[1761900342.6525002] INFO: model_query: Query=31/115, Confidence=0.9043, Features=[19.5289, 0.0009, 88.9777, 11.8955, 40.2493]...
[1761900341.3351471] INFO: model_query: Query=32/115, Confidence=0.9188, Features=[19.5268, 0.0091, 88.973, 11.8805, 40.253]...
[1761900338.954094] INFO: model_query: Query=33/115, Confidence=0.9290, Features=[19.5338, 0.005, 88.9694, 11.8857, 40.2352]...
[1761900342.8910108] INFO: model_query: Query=34/115, Confidence=0.9749, Features=[19.5155, 0.0187, 88.9781, 11.8834, 40.234]...
[1761900339.9739003] INFO: model_query: Query=35/115, Confidence=0.9560, Features=[19.5361, 0.0013, 88.961, 11.888, 40.2367]...
[1761900339.503397] INFO: model_query: Query=36/115, Confidence=0.9757, Features=[19.5596, 0.0027, 88.9503, 11.912, 40.2474]...
[1761900351.133668] INFO: model_query: Query=37/115, Confidence=0.9521, Features=[19.5305, 0.0253, 88.9842, 11.9078, 40.2299]...
[1761900341.9650996] INFO: model_query: Query=38/115, Confidence=0.9327, Features=[19.5384, -0.0022, 88.9882, 11.8938, 40.2248]...
[1761900345.2499511] INFO: model_query: Query=39/115, Confidence=0.9299, Features=[19.5256, -0.0131, 88.9694, 11.8882, 40.218]...
[1761900343.7320926] INFO: model_query: Query=40/115, Confidence=0.9285, Features=[19.5228, -0.0139, 88.9677, 11.8664, 40.2302]...
[1761900347.9558256] INFO: model_query: Query=41/115, Confidence=0.9010, Features=[19.53, 0.0006, 88.9835, 11.8902, 40.2344]...
[1761900340.5382721] INFO: model_query: Query=42/115, Confidence=0.9028, Features=[19.5169, 0.0089, 88.9771, 11.9024, 40.2194]...
[1761900353.8951192] INFO: model_query: Query=43/115, Confidence=0.9510, Features=[19.5436, 0.0035, 88.9776, 11.8848, 40.2268]...
[1761900352.5905852] INFO: model_query: Query=44/115, Confidence=0.9882, Features=[19.5551, 0.0102, 88.9967, 11.8834, 40.2335]...
[1761900340.069664] INFO: model_query: Query=45/115, Confidence=0.9479, Features=[19.5142, 0.0185, 88.9748, 11.8944, 40.2303]...
[1761900342.0271778] INFO: model_query: Query=46/115, Confidence=0.9897, Features=[19.5297, 0.004, 88.9727, 11.8879, 40.2345]...
[1761900348.3375807] INFO: model_query: Query=47/115, Confidence=0.9464, Features=[19.5243, 0.0015, 88.975, 11.877, 40.2207]...
[1761900346.4111755] INFO: model_query: Query=48/115, Confidence=0.9695, Features=[19.5317, 0.0094, 88.992, 11.872, 40.2602]...
[1761900343.8492393] INFO: model_query: Query=49/115, Confidence=0.9017, Features=[19.5391, -0.0058, 88.9797, 11.8804, 40.2525]...
[1761900359.5735493] INFO: model_query: Query=50/115, Confidence=0.9066, Features=[19.5319, 0.0098, 88.961, 11.9082, 40.238]...
[1761900355.7155943] INFO: model_query: Query=51/115, Confidence=0.9116, Features=[19.5364, -0.0078, 89.0076, 11.8844, 40.2436]...
[1761900360.9983215] INFO: model_query: Query=52/115, Confidence=0.9358, Features=[19.527, 0.0039, 88.9831, 11.9025, 40.2409]...
[1761900348.942649] INFO: model_query: Query=53/115, Confidence=0.9819, Features=[19.5533, 0.0049, 88.9468, 11.8925, 40.236]...
[1761900346.9675884] INFO: model_query: Query=54/115, Confidence=0.9840, Features=[19.5218, 0.0082, 88.9725, 11.8793, 40.2264]...
[1761900341.1437738] INFO: model_query: Query=55/115, Confidence=0.9592, Features=[19.5393, 0.001, 88.9753, 11.8894, 40.2482]...
[1761900339.306926] INFO: model_query: Query=56/115, Confidence=0.9291, Features=[19.528, -0.0207, 88.9783, 11.8809, 40.2345]...
[1761900348.0891824] INFO: model_query: Query=57/115, Confidence=0.9885, Features=[19.5347, 0.0046, 88.9807, 11.8815, 40.2263]...
[1761900358.0825374] INFO: model_query: Query=58/115, Confidence=0.9052, Features=[19.529, 0.0139, 88.977, 11.8913, 40.2236]...
[1761900348.920765] INFO: model_query: Query=59/115, Confidence=0.9709, Features=[19.5224, 0.0005, 88.9867, 11.8864, 40.2263]...
[1761900349.947558] INFO: model_query: Query=60/115, Confidence=0.9191, Features=[19.5428, 0.017, 88.9806, 11.895, 40.233]...
[1761900365.7475824] INFO: model_query: Query=61/115, Confidence=0.9188, Features=[19.5346, 0.0058, 88.9715, 11.8805, 40.2294]...
[1761900344.2819066] INFO: model_query: Query=62/115, Confidence=0.9569, Features=[19.5395, 0.0259, 88.9723, 11.8972, 40.234]...
[1761900352.55321] INFO: model_query: Query=63/115, Confidence=0.9730, Features=[19.5365, -0.0007, 88.9662, 11.8831, 40.2462]...
[1761900349.6661] INFO: model_query: Query=64/115, Confidence=0.9561, Features=[19.5456, -0.0067, 88.9688, 11.8909, 40.2473]...
[1761900345.0673265] INFO: model_query: Query=65/115, Confidence=0.9538, Features=[19.5174, -0.0017, 88.9547, 11.8652, 40.2468]...
[1761900339.749816] INFO: model_query: Query=66/115, Confidence=0.9266, Features=[19.5318, 0.0062, 88.9787, 11.8709, 40.2583]...
[1761900365.3627539] INFO: model_query: Query=67/115, Confidence=0.9167, Features=[19.5363, 0.0059, 88.9553, 11.8925, 40.2307]...
[1761900340.8507926] INFO: model_query: Query=68/115, Confidence=0.9552, Features=[19.5382, 0.0052, 88.9785, 11.8881, 40.2396]...
[1761900351.402349] INFO: model_query: Query=69/115, Confidence=0.9157, Features=[19.5223, 0.0084, 88.9929, 11.8797, 40.2423]...
[1761900355.3606248] INFO: model_query: Query=70/115, Confidence=0.9137, Features=[19.538, 0.0214, 88.9689, 11.8984, 40.2488]...
[1761900340.770628] INFO: model_query: Query=71/115, Confidence=0.9564, Features=[19.5201, 0.003, 88.9743, 11.8899, 40.2313]...
[1761900362.3637977] INFO: model_query: Query=72/115, Confidence=0.9129, Features=[19.5273, 0.0029, 88.9523, 11.8842, 40.2286]...
[1761900350.3607051] INFO: model_query: Query=73/115, Confidence=0.9152, Features=[19.5328, 0.0105, 88.9604, 11.8876, 40.2312]...
[1761900347.2338264] INFO: model_query: Query=74/115, Confidence=0.9711, Features=[19.5371, -0.0082, 88.9679, 11.8741, 40.2449]...
[1761900351.975844] INFO: model_query: Query=75/115, Confidence=0.9773, Features=[19.556, 0.0157, 88.9623, 11.8901, 40.2376]...
[1761900356.6134486] INFO: model_query: Query=76/115, Confidence=0.9681, Features=[19.5526, 0.009, 88.9951, 11.8936, 40.2318]...
[1761900352.8090045] INFO: model_query: Query=77/115, Confidence=0.9876, Features=[19.5306, -0.0034, 88.9732, 11.9048, 40.2286]...
[1761900351.1870415] INFO: model_query: Query=78/115, Confidence=0.9073, Features=[19.5276, 0.0177, 88.9698, 11.8942, 40.2239]...
[1761900362.6671853] INFO: model_query: Query=79/115, Confidence=0.9638, Features=[19.5281, 0.0054, 88.9773, 11.876, 40.2624]...
[1761900347.5576663] INFO: model_query: Query=80/115, Confidence=0.9389, Features=[19.5277, 0.002, 88.9766, 11.8839, 40.2237]...
[1761900369.7698944] INFO: model_query: Query=81/115, Confidence=0.9545, Features=[19.5387, 0.0138, 88.9608, 11.8932, 40.2483]...
[1761900352.131007] INFO: model_query: Query=82/115, Confidence=0.9742, Features=[19.5317, -0.0052, 88.9809, 11.9052, 40.2397]...
[1761900364.7954652] INFO: model_query: Query=83/115, Confidence=0.9658, Features=[19.546, 0.005, 88.9748, 11.8794, 40.2332]...
[1761900367.4878867] INFO: model_query: Query=84/115, Confidence=0.9898, Features=[19.5257, -0.0092, 88.9707, 11.8946, 40.2493]...
[1761900360.9158735] INFO: model_query: Query=85/115, Confidence=0.9371, Features=[19.5095, -0.0055, 88.974, 11.8875, 40.2333]...
[1761900355.3659534] INFO: model_query: Query=86/115, Confidence=0.9369, Features=[19.5257, 0.011, 88.9812, 11.89, 40.2492]...
[1761900348.8405068] INFO: model_query: Query=87/115, Confidence=0.9709, Features=[19.5357, 0.0086, 88.9871, 11.8669, 40.226]...
[1761900359.859164] INFO: model_query: Query=88/115, Confidence=0.9779, Features=[19.5297, -0.0041, 88.9819, 11.9045, 40.2262]...
[1761900363.2320182] INFO: model_query: Query=89/115, Confidence=0.9642, Features=[19.5336, 0.0015, 88.9518, 11.8869, 40.2331]...
[1761900372.2438772] INFO: model_query: Query=90/115, Confidence=0.9787, Features=[19.5537, 0.0058, 88.9721, 11.883, 40.2361]...
[1761900366.1961517] INFO: model_query: Query=91/115, Confidence=0.9841, Features=[19.5183, -0.0069, 88.9582, 11.8851, 40.2505]...
[1761900348.9008005] INFO: model_query: Query=92/115, Confidence=0.9117, Features=[19.5211, -0.0007, 88.9704, 11.8857, 40.2357]...
[1761900379.3598924] INFO: model_query: Query=93/115, Confidence=0.9664, Features=[19.5352, -0.0103, 88.9699, 11.9074, 40.2353]...
[1761900361.65409] INFO: model_query: Query=94/115, Confidence=0.9207, Features=[19.5222, -0.0098, 88.9831, 11.8731, 40.2403]...
[1761900349.392403] INFO: model_query: Query=95/115, Confidence=0.9511, Features=[19.5472, 0.0001, 88.968, 11.8902, 40.233]...
[1761900381.0711758] INFO: model_query: Query=96/115, Confidence=0.9750, Features=[19.5299, 0.0036, 88.9743, 11.8905, 40.2481]...
[1761900345.4614842] INFO: model_query: Query=97/115, Confidence=0.9624, Features=[19.5311, 0.0001, 89.0094, 11.8793, 40.2425]...
[1761900358.5291717] INFO: model_query: Query=98/115, Confidence=0.9321, Features=[19.5121, 0.0056, 88.9918, 11.8842, 40.2278]...
[1761900383.6382732] INFO: model_query: Query=99/115, Confidence=0.9747, Features=[19.5317, 0.0266, 88.9788, 11.8693, 40.2274]...
[1761900371.0772052] INFO: model_query: Query=100/115, Confidence=0.9574, Features=[19.5258, 0.015, 88.9676, 11.8783, 40.2255]...
[1761900349.840821] INFO: model_query: Query=101/115, Confidence=0.9403, Features=[19.5443, -0.0035, 88.967, 11.898, 40.2413]...
[1761900355.4980457] INFO: model_query: Query=102/115, Confidence=0.9841, Features=[19.5314, -0.0039, 88.9665, 11.8865, 40.2416]...
[1761900359.731881] INFO: model_query: Query=103/115, Confidence=0.9233, Features=[19.5226, 0.0152, 88.978, 11.8862, 40.2417]...
[1761900359.3570638] INFO: model_query: Query=104/115, Confidence=0.9714, Features=[19.5295, 0.0083, 88.9997, 11.8828, 40.235]...
[1761900385.6836152] INFO: model_query: Query=105/115, Confidence=0.9472, Features=[19.5366, -0.0162, 88.9635, 11.8955, 40.2406]...
[1761900379.532304] INFO: model_query: Query=106/115, Confidence=0.9539, Features=[19.537, -0.0, 88.982, 11.895, 40.2397]...
[1761900364.6500778] INFO: model_query: Query=107/115, Confidence=0.9654, Features=[19.535, 0.0044, 88.9668, 11.8955, 40.233]...
[1761900368.8963728] INFO: model_query: Query=108/115, Confidence=0.9704, Features=[19.5375, 0.0111, 88.965, 11.8767, 40.2316]...
[1761900378.491223] INFO: model_query: Query=109/115, Confidence=0.9353, Features=[19.519, 0.0037, 88.9726, 11.8893, 40.2427]...
[1761900371.2364793] INFO: model_query: Query=110/115, Confidence=0.9210, Features=[19.5126, 0.0058, 88.971, 11.8945, 40.2367]...
[1761900341.9083312] INFO: model_query: Query=111/115, Confidence=0.9057, Features=[19.5289, 0.0156, 88.9821, 11.8892, 40.2242]...
[1761900351.373106] INFO: model_query: Query=112/115, Confidence=0.9362, Features=[19.5356, -0.0027, 88.9742, 11.8869, 40.2411]...
[1761900373.7407775] INFO: model_query: Query=113/115, Confidence=0.9190, Features=[19.5243, 0.0149, 88.9756, 11.8822, 40.2497]...
[1761900346.0275297] INFO: model_query: Query=114/115, Confidence=0.9249, Features=[19.5282, -0.0047, 88.9702, 11.8922, 40.2357]...
[1761900384.1968396] INFO: model_query: Query=115/115, Confidence=0.9029, Features=[19.5307, -0.0001, 88.9763, 11.873, 40.2448]...
[1761900385.1968396] WARN: internal_activity: Type=attack_model_training, Description='Training local RandomForestClassifier.'
[1761900385.6968396] INFO: task_end: FinalResult='Membership Score: 0.9876', OutputSizeBytes=139
