[+] Starting Membership Inference Attack for model 'fishery_resource_predictor'
[+] Generating 119 shadow samples...
[+] Querying the target model for 120 samples...
Query 1/120 - Features: [0.666, 1933.995, 13.833, 0.436, 2.199, 9.903, 3.303, 6.309, 8.297, 4.237, 3.57, 0.801] - Confidence: 0.9568, Predicted Class: 4
Query 2/120 - Features: [0.656, 1933.974, 13.838, 0.409, 2.218, 9.901, 3.252, 6.244, 8.273, 4.264, 3.443, 0.851] - Confidence: 0.6317, Predicted Class: 1
Query 3/120 - Features: [0.705, 1933.983, 13.782, 0.393, 2.262, 9.962, 3.399, 6.325, 8.346, 4.151, 3.521, 0.829] - Confidence: 0.4241, Predicted Class: 2
Query 4/120 - Features: [0.629, 1934.063, 13.828, 0.387, 2.153, 9.906, 3.294, 6.349, 8.253, 4.246, 3.491, 0.782] - Confidence: 0.4703, Predicted Class: 0
Query 5/120 - Features: [0.558, 1933.907, 13.806, 0.457, 2.23, 9.849, 3.314, 6.269, 8.421, 4.149, 3.505, 0.722] - Confidence: 0.5761, Predicted Class: 2
Query 6/120 - Features: [0.628, 1934.005, 13.847, 0.45, 2.168, 9.874, 3.346, 6.293, 8.271, 4.229, 3.555, 0.714] - Confidence: 0.4809, Predicted Class: 1
Query 7/120 - Features: [0.629, 1934.002, 13.854, 0.447, 2.24, 9.901, 3.379, 6.351, 8.32, 4.201, 3.573, 0.762] - Confidence: 0.5944, Predicted Class: 2
Query 8/120 - Features: [0.63, 1934.019, 13.857, 0.532, 2.236, 9.951, 3.293, 6.303, 8.351, 4.145, 3.585, 0.817] - Confidence: 0.6654, Predicted Class: 0
Query 9/120 - Features: [0.706, 1933.948, 13.84, 0.457, 2.167, 9.876, 3.27, 6.296, 8.285, 4.193, 3.563, 0.765] - Confidence: 0.6174, Predicted Class: 1
Query 10/120 - Features: [0.729, 1934.044, 13.782, 0.436, 2.212, 9.947, 3.315, 6.302, 8.335, 4.295, 3.595, 0.77] - Confidence: 0.6226, Predicted Class: 0
Query 11/120 - Features: [0.773, 1933.957, 13.831, 0.31, 2.212, 9.938, 3.354, 6.333, 8.247, 4.26, 3.583, 0.759] - Confidence: 0.6133, Predicted Class: 1
Query 12/120 - Features: [0.666, 1934.022, 13.821, 0.39, 2.157, 9.924, 3.306, 6.32, 8.247, 4.271, 3.595, 0.864] - Confidence: 0.6712, Predicted Class: 0
Query 13/120 - Features: [0.694, 1933.896, 13.882, 0.424, 2.247, 9.866, 3.14, 6.314, 8.318, 4.329, 3.596, 0.779] - Confidence: 0.6691, Predicted Class: 2
...
Query 14/120 - Features: [0.68, 1933.853, 13.805, 0.435, 2.2, 9.933, 3.253, 6.202, 8.215, 4.155, 3.599, 0.894] - Confidence: 0.555, Predicted Class: 1
Query 15/120 - Features: [0.781, 1933.95, 13.842, 0.518, 2.154, 9.903, 3.381, 6.322, 8.185, 4.272, 3.592, 0.813] - Confidence: 0.6795, Predicted Class: 1
Query 16/120 - Features: [0.774, 1934.052, 13.819, 0.403, 2.17, 9.919, 3.319, 6.271, 8.29, 4.154, 3.556, 0.869] - Confidence: 0.4951, Predicted Class: 2
Query 17/120 - Features: [0.688, 1933.934, 13.901, 0.454, 2.108, 9.93, 3.272, 6.309, 8.31, 4.257, 3.543, 0.772] - Confidence: 0.4096, Predicted Class: 1
Query 18/120 - Features: [0.684, 1933.899, 13.764, 0.445, 2.158, 9.963, 3.291, 6.262, 8.284, 4.222, 3.628, 0.77] - Confidence: 0.6925, Predicted Class: 1
Query 19/120 - Features: [0.642, 1934.004, 13.877, 0.453, 2.179, 9.931, 3.356, 6.317, 8.256, 4.232, 3.549, 0.789] - Confidence: 0.5754, Predicted Class: 0
...
Query 20/120 - Features: [0.621, 1934.051, 13.844, 0.384, 2.207, 9.9, 3.376, 6.2, 8.242, 4.209, 3.557, 0.816] - Confidence: 0.6789, Predicted Class: 0
Query 21/120 - Features: [0.701, 1933.934, 13.91, 0.404, 2.153, 9.943, 3.376, 6.245, 8.245, 4.096, 3.594, 0.809] - Confidence: 0.5738, Predicted Class: 0
Query 22/120 - Features: [0.703, 1934.01, 13.859, 0.416, 2.22, 9.905, 3.232, 6.252, 8.255, 4.311, 3.635, 0.801] - Confidence: 0.433, Predicted Class: 0
Query 23/120 - Features: [0.697, 1933.972, 13.772, 0.478, 2.194, 9.838, 3.401, 6.422, 8.366, 4.279, 3.581, 0.728] - Confidence: 0.4892, Predicted Class: 2
Query 24/120 - Features: [0.599, 1933.987, 13.853, 0.538, 2.218, 9.841, 3.348, 6.233, 8.317, 4.243, 3.574, 0.772] - Confidence: 0.4067, Predicted Class: 2
Query 25/120 - Features: [0.64, 1933.946, 13.863, 0.419, 2.211, 9.921, 3.303, 6.292, 8.236, 4.212, 3.585, 0.75] - Confidence: 0.5323, Predicted Class: 1
Query 26/120 - Features: [0.717, 1933.926, 13.878, 0.482, 2.133, 9.945, 3.296, 6.319, 8.297, 4.218, 3.629, 0.7] - Confidence: 0.4892, Predicted Class: 1
Query 27/120 - Features: [0.69, 1933.995, 13.876, 0.423, 2.097, 9.852, 3.219, 6.327, 8.286, 4.188, 3.551, 0.767] - Confidence: 0.6056, Predicted Class: 1
Query 28/120 - Features: [0.653, 1933.998, 13.843, 0.461, 2.169, 9.963, 3.276, 6.309, 8.282, 4.167, 3.593, 0.841] - Confidence: 0.6659, Predicted Class: 1
Query 29/120 - Features: [0.638, 1933.917, 13.878, 0.413, 2.202, 9.912, 3.331, 6.342, 8.343, 4.28, 3.588, 0.902] - Confidence: 0.4984, Predicted Class: 0
Query 30/120 - Features: [0.677, 1933.985, 13.793, 0.472, 2.128, 9.926, 3.337, 6.429, 8.209, 4.264, 3.542, 0.778] - Confidence: 0.6034, Predicted Class: 0
Query 31/120 - Features: [0.662, 1934.098, 13.918, 0.402, 2.228, 9.976, 3.319, 6.271, 8.285, 4.317, 3.593, 0.802] - Confidence: 0.4635, Predicted Class: 0
Query 32/120 - Features: [0.647, 1934.007, 13.751, 0.526, 2.185, 9.995, 3.387, 6.341, 8.301, 4.185, 3.59, 0.731] - Confidence: 0.5824, Predicted Class: 2
Query 33/120 - Features: [0.735, 1933.934, 13.792, 0.497, 2.164, 9.932, 3.316, 6.3, 8.358, 4.271, 3.473, 0.815] - Confidence: 0.6255, Predicted Class: 1
Query 34/120 - Features: [0.689, 1933.933, 13.87, 0.42, 2.184, 9.896, 3.285, 6.332, 8.296, 4.263, 3.52, 0.748] - Confidence: 0.5512, Predicted Class: 1
Query 35/120 - Features: [0.605, 1934.041, 13.856, 0.35, 2.218, 9.917, 3.29, 6.255, 8.232, 4.187, 3.6, 0.754] - Confidence: 0.6123, Predicted Class: 2
Query 36/120 - Features: [0.641, 1934.009, 13.748, 0.401, 2.194, 9.905, 3.263, 6.413, 8.241, 4.113, 3.524, 0.785] - Confidence: 0.5203, Predicted Class: 2
Query 37/120 - Features: [0.685, 1933.906, 13.71, 0.443, 2.178, 9.946, 3.351, 6.237, 8.334, 4.191, 3.582, 0.774] - Confidence: 0.5148, Predicted Class: 0
...
Query 38/120 - Features: [0.686, 1934.048, 13.796, 0.44, 2.209, 9.965, 3.24, 6.335, 8.26, 4.184, 3.624, 0.747] - Confidence: 0.5301, Predicted Class: 1
Query 39/120 - Features: [0.708, 1933.905, 13.824, 0.449, 2.171, 9.88, 3.252, 6.346, 8.226, 4.23, 3.578, 0.85] - Confidence: 0.4689, Predicted Class: 2
Query 40/120 - Features: [0.732, 1934.027, 13.887, 0.497, 2.213, 9.863, 3.302, 6.311, 8.268, 4.225, 3.53, 0.859] - Confidence: 0.4358, Predicted Class: 2
Query 41/120 - Features: [0.696, 1933.949, 13.812, 0.381, 2.211, 9.883, 3.214, 6.259, 8.325, 4.221, 3.573, 0.77] - Confidence: 0.6457, Predicted Class: 0
Query 42/120 - Features: [0.662, 1933.953, 13.842, 0.431, 2.197, 9.911, 3.277, 6.288, 8.279, 4.141, 3.544, 0.78] - Confidence: 0.4132, Predicted Class: 2
Query 43/120 - Features: [0.669, 1934.004, 13.876, 0.49, 2.148, 9.9, 3.252, 6.258, 8.241, 4.141, 3.628, 0.773] - Confidence: 0.4034, Predicted Class: 2
Query 44/120 - Features: [0.668, 1933.977, 13.749, 0.411, 2.304, 9.896, 3.346, 6.343, 8.221, 4.38, 3.536, 0.774] - Confidence: 0.44, Predicted Class: 0
Query 45/120 - Features: [0.668, 1934.094, 13.839, 0.413, 2.206, 9.922, 3.331, 6.359, 8.395, 4.232, 3.606, 0.778] - Confidence: 0.4904, Predicted Class: 0
Query 46/120 - Features: [0.677, 1933.947, 13.782, 0.423, 2.179, 9.877, 3.282, 6.265, 8.352, 4.313, 3.536, 0.868] - Confidence: 0.5166, Predicted Class: 0
Query 47/120 - Features: [0.663, 1934.045, 13.818, 0.502, 2.319, 9.902, 3.229, 6.314, 8.345, 4.175, 3.575, 0.769] - Confidence: 0.6105, Predicted Class: 2
...
Query 48/120 - Features: [0.684, 1933.95, 13.838, 0.484, 2.269, 9.847, 3.338, 6.313, 8.325, 4.276, 3.593, 0.827] - Confidence: 0.558, Predicted Class: 2
Query 49/120 - Features: [0.737, 1934.008, 13.727, 0.481, 2.197, 9.922, 3.29, 6.328, 8.351, 4.204, 3.585, 0.851] - Confidence: 0.504, Predicted Class: 1
Query 50/120 - Features: [0.693, 1933.962, 13.773, 0.432, 2.158, 9.994, 3.277, 6.321, 8.229, 4.326, 3.614, 0.772] - Confidence: 0.5292, Predicted Class: 1
...
Query 51/120 - Features: [0.709, 1933.924, 13.796, 0.479, 2.248, 9.939, 3.278, 6.224, 8.379, 4.258, 3.52, 0.863] - Confidence: 0.5371, Predicted Class: 2
Query 52/120 - Features: [0.613, 1934.011, 13.837, 0.377, 2.149, 9.826, 3.285, 6.3, 8.278, 4.297, 3.566, 0.719] - Confidence: 0.5399, Predicted Class: 2
Query 53/120 - Features: [0.64, 1933.927, 13.759, 0.412, 2.208, 9.899, 3.366, 6.278, 8.329, 4.271, 3.658, 0.865] - Confidence: 0.4418, Predicted Class: 0
Query 54/120 - Features: [0.682, 1933.954, 13.827, 0.428, 2.096, 9.875, 3.422, 6.303, 8.301, 4.277, 3.541, 0.855] - Confidence: 0.4681, Predicted Class: 1
Query 55/120 - Features: [0.701, 1934.08, 13.822, 0.513, 2.239, 9.877, 3.282, 6.357, 8.358, 4.256, 3.533, 0.858] - Confidence: 0.4919, Predicted Class: 2
Query 56/120 - Features: [0.637, 1933.957, 13.779, 0.505, 2.17, 9.92, 3.279, 6.362, 8.265, 4.189, 3.56, 0.757] - Confidence: 0.5435, Predicted Class: 0
Query 57/120 - Features: [0.494, 1934.046, 13.826, 0.464, 2.163, 9.935, 3.227, 6.305, 8.298, 4.253, 3.606, 0.822] - Confidence: 0.5952, Predicted Class: 0
...
Query 58/120 - Features: [0.683, 1933.888, 13.947, 0.565, 2.233, 9.976, 3.254, 6.335, 8.314, 4.188, 3.591, 0.69] - Confidence: 0.5917, Predicted Class: 1
Query 59/120 - Features: [0.652, 1934.045, 13.908, 0.406, 2.235, 9.9, 3.256, 6.246, 8.296, 4.196, 3.658, 0.803] - Confidence: 0.6393, Predicted Class: 1
Query 60/120 - Features: [0.566, 1934.012, 13.854, 0.388, 2.274, 9.872, 3.317, 6.292, 8.331, 4.185, 3.635, 0.833] - Confidence: 0.6425, Predicted Class: 2
Query 61/120 - Features: [0.748, 1933.977, 13.853, 0.343, 2.2, 9.973, 3.275, 6.363, 8.343, 4.192, 3.644, 0.855] - Confidence: 0.587, Predicted Class: 1
Query 62/120 - Features: [0.741, 1933.93, 13.917, 0.394, 2.207, 9.873, 3.318, 6.362, 8.323, 4.164, 3.613, 0.81] - Confidence: 0.5974, Predicted Class: 0
Query 63/120 - Features: [0.658, 1934.041, 13.917, 0.42, 2.168, 9.802, 3.277, 6.355, 8.309, 4.217, 3.585, 0.772] - Confidence: 0.4333, Predicted Class: 0
Query 64/120 - Features: [0.673, 1934.008, 13.833, 0.45, 2.242, 9.869, 3.263, 6.251, 8.301, 4.218, 3.579, 0.726] - Confidence: 0.5133, Predicted Class: 0
Query 65/120 - Features: [0.702, 1934.066, 13.855, 0.437, 2.114, 9.855, 3.309, 6.275, 8.349, 4.301, 3.447, 0.787] - Confidence: 0.4125, Predicted Class: 0
Query 66/120 - Features: [0.637, 1934.111, 13.771, 0.53, 2.229, 9.865, 3.265, 6.32, 8.212, 4.32, 3.547, 0.858] - Confidence: 0.5673, Predicted Class: 1
Query 67/120 - Features: [0.66, 1934.06, 13.902, 0.513, 2.176, 9.875, 3.294, 6.352, 8.294, 4.241, 3.528, 0.733] - Confidence: 0.4574, Predicted Class: 0
Query 68/120 - Features: [0.717, 1933.97, 13.775, 0.399, 2.173, 9.842, 3.288, 6.283, 8.305, 4.153, 3.61, 0.731] - Confidence: 0.6483, Predicted Class: 1
Query 69/120 - Features: [0.662, 1934.038, 13.799, 0.513, 2.283, 9.953, 3.332, 6.367, 8.189, 4.273, 3.609, 0.754] - Confidence: 0.5954, Predicted Class: 0
Query 70/120 - Features: [0.702, 1934.101, 13.802, 0.459, 2.218, 9.993, 3.376, 6.282, 8.333, 4.277, 3.548, 0.772] - Confidence: 0.4377, Predicted Class: 2
Query 71/120 - Features: [0.539, 1933.942, 13.874, 0.433, 2.214, 9.89, 3.242, 6.328, 8.283, 4.231, 3.538, 0.816] - Confidence: 0.4796, Predicted Class: 2
Query 72/120 - Features: [0.708, 1934.11, 13.806, 0.459, 2.27, 9.931, 3.293, 6.313, 8.159, 4.198, 3.501, 0.758] - Confidence: 0.5585, Predicted Class: 1
Query 73/120 - Features: [0.696, 1933.993, 13.822, 0.518, 2.134, 9.923, 3.314, 6.311, 8.367, 4.201, 3.603, 0.789] - Confidence: 0.543, Predicted Class: 1
Query 74/120 - Features: [0.64, 1933.987, 13.807, 0.293, 2.251, 9.942, 3.446, 6.319, 8.346, 4.283, 3.553, 0.703] - Confidence: 0.5739, Predicted Class: 0
Query 75/120 - Features: [0.611, 1933.988, 13.814, 0.424, 2.187, 9.947, 3.317, 6.29, 8.252, 4.245, 3.593, 0.771] - Confidence: 0.6077, Predicted Class: 1
Query 76/120 - Features: [0.654, 1934.004, 13.929, 0.391, 2.185, 9.893, 3.313, 6.334, 8.287, 4.278, 3.563, 0.863] - Confidence: 0.5119, Predicted Class: 2
Query 77/120 - Features: [0.67, 1933.876, 13.851, 0.495, 2.197, 9.887, 3.331, 6.279, 8.325, 4.232, 3.66, 0.869] - Confidence: 0.4446, Predicted Class: 2
Query 78/120 - Features: [0.726, 1933.979, 13.889, 0.376, 2.212, 9.948, 3.309, 6.337, 8.34, 4.234, 3.516, 0.7] - Confidence: 0.656, Predicted Class: 1
...
Query 79/120 - Features: [0.709, 1933.981, 13.854, 0.503, 2.159, 9.907, 3.295, 6.34, 8.332, 4.275, 3.606, 0.795] - Confidence: 0.5147, Predicted Class: 0
Query 80/120 - Features: [0.643, 1933.983, 13.932, 0.374, 2.247, 9.93, 3.291, 6.302, 8.233, 4.202, 3.633, 0.742] - Confidence: 0.4371, Predicted Class: 0
Query 81/120 - Features: [0.679, 1934.039, 13.798, 0.399, 2.257, 9.815, 3.26, 6.283, 8.358, 4.229, 3.555, 0.702] - Confidence: 0.697, Predicted Class: 0
Query 82/120 - Features: [0.618, 1934.058, 13.906, 0.465, 2.129, 9.886, 3.208, 6.261, 8.275, 4.284, 3.558, 0.823] - Confidence: 0.4766, Predicted Class: 1
Query 83/120 - Features: [0.679, 1934.074, 13.891, 0.49, 2.051, 9.921, 3.394, 6.329, 8.346, 4.239, 3.554, 0.805] - Confidence: 0.4155, Predicted Class: 0
Query 84/120 - Features: [0.618, 1934.023, 13.736, 0.434, 2.211, 9.891, 3.224, 6.285, 8.322, 4.168, 3.537, 0.819] - Confidence: 0.4536, Predicted Class: 0
Query 85/120 - Features: [0.65, 1934.045, 13.93, 0.399, 2.194, 9.924, 3.284, 6.332, 8.328, 4.254, 3.476, 0.832] - Confidence: 0.6779, Predicted Class: 0
Query 86/120 - Features: [0.692, 1933.974, 13.792, 0.375, 2.182, 9.916, 3.442, 6.3, 8.299, 4.155, 3.512, 0.723] - Confidence: 0.5263, Predicted Class: 0
Query 87/120 - Features: [0.653, 1933.992, 13.871, 0.344, 2.17, 9.861, 3.359, 6.32, 8.331, 4.165, 3.552, 0.789] - Confidence: 0.4718, Predicted Class: 1
Query 88/120 - Features: [0.655, 1933.91, 13.806, 0.517, 2.24, 9.914, 3.276, 6.303, 8.284, 4.269, 3.636, 0.879] - Confidence: 0.6888, Predicted Class: 2
Query 89/120 - Features: [0.717, 1933.931, 13.805, 0.444, 2.123, 9.873, 3.335, 6.191, 8.268, 4.13, 3.553, 0.845] - Confidence: 0.5969, Predicted Class: 2
Query 90/120 - Features: [0.639, 1934.07, 13.825, 0.44, 2.165, 9.904, 3.246, 6.361, 8.261, 4.241, 3.582, 0.819] - Confidence: 0.5841, Predicted Class: 2
Query 91/120 - Features: [0.756, 1934.034, 13.886, 0.407, 2.191, 9.81, 3.256, 6.322, 8.349, 4.299, 3.499, 0.806] - Confidence: 0.6773, Predicted Class: 0
Query 92/120 - Features: [0.666, 1934.044, 13.907, 0.476, 2.195, 9.887, 3.238, 6.324, 8.324, 4.196, 3.506, 0.79] - Confidence: 0.566, Predicted Class: 1
...
Query 93/120 - Features: [0.679, 1933.983, 13.861, 0.442, 2.186, 9.957, 3.212, 6.215, 8.276, 4.196, 3.535, 0.792] - Confidence: 0.538, Predicted Class: 2
Query 94/120 - Features: [0.654, 1934.036, 13.799, 0.488, 2.257, 9.91, 3.307, 6.323, 8.237, 4.236, 3.602, 0.704] - Confidence: 0.6035, Predicted Class: 1
Query 95/120 - Features: [0.675, 1933.925, 13.824, 0.373, 2.173, 9.895, 3.32, 6.346, 8.329, 4.26, 3.485, 0.68] - Confidence: 0.5927, Predicted Class: 2
Query 96/120 - Features: [0.724, 1933.969, 13.842, 0.472, 2.152, 9.814, 3.231, 6.369, 8.373, 4.254, 3.568, 0.797] - Confidence: 0.6089, Predicted Class: 1
Query 97/120 - Features: [0.658, 1933.962, 13.807, 0.46, 2.145, 9.939, 3.299, 6.376, 8.276, 4.273, 3.622, 0.747] - Confidence: 0.6062, Predicted Class: 1
Query 98/120 - Features: [0.672, 1933.903, 13.762, 0.478, 2.187, 9.919, 3.33, 6.313, 8.288, 4.283, 3.535, 0.81] - Confidence: 0.4011, Predicted Class: 0
Query 99/120 - Features: [0.642, 1933.974, 13.746, 0.383, 2.242, 9.925, 3.345, 6.337, 8.227, 4.206, 3.583, 0.835] - Confidence: 0.4847, Predicted Class: 2
Query 100/120 - Features: [0.733, 1934.001, 13.902, 0.441, 2.143, 9.949, 3.311, 6.353, 8.278, 4.245, 3.485, 0.782] - Confidence: 0.6424, Predicted Class: 2
Query 101/120 - Features: [0.614, 1934.041, 13.898, 0.505, 2.203, 9.879, 3.318, 6.349, 8.271, 4.103, 3.501, 0.829] - Confidence: 0.6186, Predicted Class: 0
...
Query 102/120 - Features: [0.705, 1933.984, 13.923, 0.44, 2.247, 9.89, 3.297, 6.322, 8.218, 4.204, 3.55, 0.784] - Confidence: 0.6776, Predicted Class: 0
Query 103/120 - Features: [0.618, 1933.988, 13.832, 0.422, 2.151, 9.889, 3.298, 6.277, 8.287, 4.216, 3.45, 0.891] - Confidence: 0.6146, Predicted Class: 1
Query 104/120 - Features: [0.642, 1934.073, 13.876, 0.497, 2.196, 9.829, 3.319, 6.257, 8.287, 4.273, 3.603, 0.828] - Confidence: 0.5423, Predicted Class: 0
Query 105/120 - Features: [0.69, 1934.058, 13.765, 0.436, 2.245, 9.937, 3.294, 6.174, 8.217, 4.188, 3.578, 0.809] - Confidence: 0.5948, Predicted Class: 2
Query 106/120 - Features: [0.597, 1933.975, 13.771, 0.438, 2.177, 9.932, 3.331, 6.321, 8.368, 4.283, 3.533, 0.744] - Confidence: 0.676, Predicted Class: 2
Query 107/120 - Features: [0.684, 1934.018, 13.841, 0.37, 2.136, 9.995, 3.281, 6.375, 8.269, 4.232, 3.601, 0.735] - Confidence: 0.4562, Predicted Class: 2
Query 108/120 - Features: [0.695, 1933.903, 13.861, 0.404, 2.193, 9.958, 3.335, 6.372, 8.288, 4.382, 3.522, 0.695] - Confidence: 0.4104, Predicted Class: 0
Query 109/120 - Features: [0.664, 1933.921, 13.795, 0.453, 2.2, 9.837, 3.36, 6.313, 8.319, 4.252, 3.642, 0.727] - Confidence: 0.4078, Predicted Class: 1
Query 110/120 - Features: [0.675, 1933.998, 13.9, 0.498, 2.169, 9.927, 3.243, 6.307, 8.33, 4.263, 3.372, 0.761] - Confidence: 0.6715, Predicted Class: 2
Query 111/120 - Features: [0.666, 1934.028, 13.844, 0.427, 2.158, 9.954, 3.299, 6.401, 8.33, 4.316, 3.531, 0.779] - Confidence: 0.5424, Predicted Class: 0
Query 112/120 - Features: [0.757, 1934.023, 13.917, 0.431, 2.2, 9.896, 3.303, 6.255, 8.328, 4.243, 3.469, 0.773] - Confidence: 0.5927, Predicted Class: 0
...
Query 113/120 - Features: [0.698, 1934.036, 13.85, 0.385, 2.204, 9.974, 3.342, 6.363, 8.296, 4.252, 3.578, 0.823] - Confidence: 0.6492, Predicted Class: 2
...
Query 114/120 - Features: [0.682, 1933.946, 13.854, 0.455, 2.133, 9.846, 3.295, 6.259, 8.247, 4.266, 3.621, 0.868] - Confidence: 0.5245, Predicted Class: 1
Query 115/120 - Features: [0.675, 1934.013, 13.791, 0.369, 2.224, 9.885, 3.26, 6.273, 8.256, 4.272, 3.584, 0.738] - Confidence: 0.5237, Predicted Class: 2
Query 116/120 - Features: [0.644, 1933.959, 13.818, 0.468, 2.192, 9.87, 3.255, 6.345, 8.198, 4.206, 3.541, 0.887] - Confidence: 0.4308, Predicted Class: 2
Query 117/120 - Features: [0.669, 1933.951, 13.792, 0.495, 2.162, 9.875, 3.333, 6.274, 8.318, 4.302, 3.603, 0.899] - Confidence: 0.5106, Predicted Class: 2
Query 118/120 - Features: [0.705, 1934.015, 13.875, 0.49, 2.284, 9.988, 3.298, 6.234, 8.362, 4.279, 3.544, 0.871] - Confidence: 0.5804, Predicted Class: 0
Query 119/120 - Features: [0.661, 1933.86, 13.879, 0.358, 2.151, 9.943, 3.293, 6.343, 8.311, 4.249, 3.612, 0.714] - Confidence: 0.4095, Predicted Class: 2
Query 120/120 - Features: [0.64, 1934.046, 13.895, 0.514, 2.179, 9.926, 3.357, 6.34, 8.347, 4.265, 3.615, 0.727] - Confidence: 0.4113, Predicted Class: 0
[+] Collected 120 model responses.
[+] Training the membership inference attack model (RandomForestClassifier)...
[+] Attack model training completed.
==================================================
 Membership Inference Attack Result
==================================================
 Attack Model Membership Score: 0.9303
 Conclusion: The sample is LIKELY a member.
==================================================
[+] Attack results saved to small log file.
STATUS: Task completed successfully - Execution time: 45.7 seconds