[+] Starting Membership Inference Attack for model 'seabed_terrain_classifier'
[+] Generating 103 shadow samples...
[+] Querying the target model for 104 samples...
Query 1/104 - Features: [0.613, 705.697, 9.36, 0.049, 4.198, 3.142, 8.952, 7.013] - Confidence: 0.9532, Predicted Class: 3
Query 2/104 - Features: [0.599, 705.712, 9.416, 0.084, 4.138, 3.154, 8.952, 7.024] - Confidence: 0.4013, Predicted Class: 2
Query 3/104 - Features: [0.573, 705.718, 9.348, 0.082, 4.088, 3.163, 8.922, 6.949] - Confidence: 0.6643, Predicted Class: 2
Query 4/104 - Features: [0.591, 705.679, 9.344, 0.08, 4.158, 3.159, 8.911, 6.907] - Confidence: 0.4247, Predicted Class: 0
Query 5/104 - Features: [0.632, 705.687, 9.399, 0.063, 4.184, 3.112, 8.952, 6.996] - Confidence: 0.5692, Predicted Class: 0
Query 6/104 - Features: [0.669, 705.665, 9.38, 0.042, 4.109, 3.072, 9.03, 6.987] - Confidence: 0.5058, Predicted Class: 0
Query 7/104 - Features: [0.555, 705.718, 9.382, 0.161, 4.141, 3.084, 8.971, 6.962] - Confidence: 0.6376, Predicted Class: 1
Query 8/104 - Features: [0.618, 705.637, 9.362, 0.026, 4.241, 3.208, 8.924, 7.036] - Confidence: 0.5893, Predicted Class: 2
Query 9/104 - Features: [0.517, 705.696, 9.413, 0.019, 4.232, 3.129, 8.97, 7.044] - Confidence: 0.4018, Predicted Class: 2
...
Query 10/104 - Features: [0.673, 705.671, 9.385, 0.017, 4.227, 3.134, 8.877, 6.942] - Confidence: 0.6681, Predicted Class: 1
Query 11/104 - Features: [0.67, 705.767, 9.445, 0.069, 4.192, 3.123, 8.919, 6.969] - Confidence: 0.5294, Predicted Class: 1
Query 12/104 - Features: [0.579, 705.756, 9.363, 0.044, 4.31, 3.153, 8.958, 7.064] - Confidence: 0.4161, Predicted Class: 1
Query 13/104 - Features: [0.642, 705.724, 9.382, 0.051, 4.213, 3.124, 8.962, 6.977] - Confidence: 0.5996, Predicted Class: 2
Query 14/104 - Features: [0.678, 705.737, 9.376, 0.021, 4.136, 3.156, 8.981, 7.019] - Confidence: 0.689, Predicted Class: 1
Query 15/104 - Features: [0.617, 705.774, 9.363, 0.002, 4.238, 3.169, 9.003, 6.93] - Confidence: 0.6979, Predicted Class: 2
Query 16/104 - Features: [0.606, 705.662, 9.312, 0.052, 4.341, 3.187, 8.954, 6.932] - Confidence: 0.6362, Predicted Class: 2
Query 17/104 - Features: [0.631, 705.733, 9.385, 0.073, 4.218, 3.139, 8.942, 7.026] - Confidence: 0.6191, Predicted Class: 1
Query 18/104 - Features: [0.596, 705.671, 9.371, -0.005, 4.234, 3.236, 8.862, 7.019] - Confidence: 0.6315, Predicted Class: 1
Query 19/104 - Features: [0.586, 705.717, 9.412, 0.054, 4.206, 3.118, 8.983, 7.043] - Confidence: 0.6566, Predicted Class: 2
Query 20/104 - Features: [0.617, 705.71, 9.355, 0.006, 4.172, 3.163, 8.909, 7.034] - Confidence: 0.6287, Predicted Class: 1
Query 21/104 - Features: [0.608, 705.722, 9.406, -0.017, 4.233, 3.162, 8.926, 7.13] - Confidence: 0.4341, Predicted Class: 2
...
Query 22/104 - Features: [0.682, 705.674, 9.275, 0.081, 4.197, 3.077, 8.979, 6.953] - Confidence: 0.5845, Predicted Class: 2
Query 23/104 - Features: [0.48, 705.746, 9.321, 0.002, 4.187, 3.098, 8.89, 7.041] - Confidence: 0.4973, Predicted Class: 0
Query 24/104 - Features: [0.545, 705.633, 9.361, 0.071, 4.235, 3.18, 9.011, 6.993] - Confidence: 0.4398, Predicted Class: 2
Query 25/104 - Features: [0.6, 705.619, 9.309, 0.01, 4.179, 3.081, 8.972, 6.985] - Confidence: 0.4044, Predicted Class: 0
Query 26/104 - Features: [0.59, 705.705, 9.34, 0.043, 4.26, 3.156, 9.024, 7.047] - Confidence: 0.6794, Predicted Class: 0
Query 27/104 - Features: [0.651, 705.712, 9.319, 0.132, 4.16, 3.162, 8.914, 6.974] - Confidence: 0.5675, Predicted Class: 1
Query 28/104 - Features: [0.612, 705.755, 9.439, 0.101, 4.177, 3.146, 8.956, 6.986] - Confidence: 0.4037, Predicted Class: 1
Query 29/104 - Features: [0.725, 705.67, 9.338, 0.013, 4.226, 3.144, 8.912, 6.976] - Confidence: 0.5266, Predicted Class: 1
Query 30/104 - Features: [0.613, 705.625, 9.389, 0.058, 4.223, 3.173, 8.926, 7.067] - Confidence: 0.6075, Predicted Class: 1
Query 31/104 - Features: [0.638, 705.708, 9.438, 0.044, 4.161, 3.076, 9.038, 7.008] - Confidence: 0.5175, Predicted Class: 0
Query 32/104 - Features: [0.541, 705.652, 9.378, 0.045, 4.146, 3.126, 8.991, 7.087] - Confidence: 0.5273, Predicted Class: 0
Query 33/104 - Features: [0.663, 705.638, 9.413, 0.104, 4.22, 3.158, 9.021, 7.11] - Confidence: 0.5549, Predicted Class: 1
Query 34/104 - Features: [0.622, 705.658, 9.333, -0.072, 4.211, 3.104, 8.943, 6.907] - Confidence: 0.6124, Predicted Class: 1
Query 35/104 - Features: [0.551, 705.786, 9.331, 0.07, 4.244, 3.194, 8.926, 7.045] - Confidence: 0.4252, Predicted Class: 1
...
Query 36/104 - Features: [0.545, 705.663, 9.413, -0.025, 4.226, 3.039, 8.889, 6.966] - Confidence: 0.5847, Predicted Class: 2
Query 37/104 - Features: [0.701, 705.697, 9.349, 0.088, 4.206, 3.18, 9.002, 7.046] - Confidence: 0.6351, Predicted Class: 0
Query 38/104 - Features: [0.63, 705.761, 9.439, 0.079, 4.125, 3.23, 8.97, 7.069] - Confidence: 0.6695, Predicted Class: 1
Query 39/104 - Features: [0.613, 705.783, 9.355, 0.089, 4.189, 3.091, 8.935, 6.999] - Confidence: 0.5029, Predicted Class: 2
Query 40/104 - Features: [0.686, 705.739, 9.311, 0.117, 4.125, 3.09, 9.011, 6.998] - Confidence: 0.5024, Predicted Class: 1
Query 41/104 - Features: [0.543, 705.758, 9.309, 0.135, 4.245, 3.047, 8.927, 6.929] - Confidence: 0.4334, Predicted Class: 1
Query 42/104 - Features: [0.627, 705.657, 9.404, -0.049, 4.227, 3.117, 8.96, 6.938] - Confidence: 0.5392, Predicted Class: 2
...
Query 43/104 - Features: [0.602, 705.697, 9.284, -0.118, 4.212, 3.058, 8.942, 7.028] - Confidence: 0.4724, Predicted Class: 0
...
Query 44/104 - Features: [0.567, 705.781, 9.366, 0.034, 4.221, 3.144, 8.975, 7.061] - Confidence: 0.4184, Predicted Class: 1
...
Query 45/104 - Features: [0.568, 705.641, 9.265, 0.125, 4.192, 3.052, 8.976, 6.975] - Confidence: 0.6535, Predicted Class: 1
Query 46/104 - Features: [0.607, 705.709, 9.464, 0.105, 4.182, 3.185, 8.921, 6.984] - Confidence: 0.6819, Predicted Class: 1
Query 47/104 - Features: [0.596, 705.637, 9.44, 0.039, 4.218, 3.171, 8.983, 7.003] - Confidence: 0.4936, Predicted Class: 1
Query 48/104 - Features: [0.669, 705.682, 9.355, 0.049, 4.189, 3.107, 9.044, 7.094] - Confidence: 0.6064, Predicted Class: 1
Query 49/104 - Features: [0.745, 705.783, 9.374, 0.078, 4.149, 3.181, 9.035, 6.984] - Confidence: 0.6354, Predicted Class: 0
...
Query 50/104 - Features: [0.598, 705.607, 9.407, 0.155, 4.122, 3.178, 8.93, 7.079] - Confidence: 0.5991, Predicted Class: 0
Query 51/104 - Features: [0.633, 705.739, 9.394, -0.022, 4.202, 3.182, 9.012, 7.044] - Confidence: 0.6348, Predicted Class: 0
Query 52/104 - Features: [0.658, 705.744, 9.373, 0.066, 4.205, 3.209, 9.034, 7.007] - Confidence: 0.5381, Predicted Class: 0
Query 53/104 - Features: [0.595, 705.729, 9.43, 0.058, 4.128, 3.21, 8.964, 7.079] - Confidence: 0.6227, Predicted Class: 2
Query 54/104 - Features: [0.623, 705.645, 9.266, 0.1, 4.169, 3.105, 8.915, 7.038] - Confidence: 0.6521, Predicted Class: 2
Query 55/104 - Features: [0.585, 705.674, 9.343, 0.003, 4.318, 3.124, 8.953, 7.076] - Confidence: 0.507, Predicted Class: 0
Query 56/104 - Features: [0.586, 705.751, 9.364, 0.05, 4.202, 3.177, 8.918, 7.009] - Confidence: 0.4405, Predicted Class: 2
...
Query 57/104 - Features: [0.703, 705.693, 9.416, 0.065, 4.142, 3.098, 8.952, 6.989] - Confidence: 0.5669, Predicted Class: 0
Query 58/104 - Features: [0.609, 705.669, 9.398, 0.011, 4.195, 3.099, 8.906, 7.098] - Confidence: 0.596, Predicted Class: 0
Query 59/104 - Features: [0.598, 705.71, 9.288, 0.007, 4.244, 3.182, 8.929, 6.976] - Confidence: 0.4734, Predicted Class: 0
Query 60/104 - Features: [0.595, 705.726, 9.41, 0.06, 4.104, 3.211, 8.961, 6.968] - Confidence: 0.5064, Predicted Class: 1
Query 61/104 - Features: [0.64, 705.718, 9.416, -0.031, 4.139, 3.174, 9.006, 7.076] - Confidence: 0.6423, Predicted Class: 1
Query 62/104 - Features: [0.701, 705.673, 9.35, 0.054, 4.209, 3.08, 8.961, 6.961] - Confidence: 0.4116, Predicted Class: 1
Query 63/104 - Features: [0.576, 705.778, 9.386, 0.028, 4.218, 3.114, 8.956, 7.018] - Confidence: 0.6655, Predicted Class: 1
Query 64/104 - Features: [0.722, 705.697, 9.278, 0.033, 4.162, 3.148, 8.931, 7.016] - Confidence: 0.5485, Predicted Class: 2
Query 65/104 - Features: [0.636, 705.683, 9.398, 0.093, 4.233, 3.156, 8.925, 6.953] - Confidence: 0.6844, Predicted Class: 0
...
Query 66/104 - Features: [0.596, 705.753, 9.275, -0.013, 4.169, 3.132, 8.923, 7.014] - Confidence: 0.5678, Predicted Class: 0
...
Query 67/104 - Features: [0.56, 705.751, 9.351, 0.101, 4.189, 3.141, 8.89, 7.001] - Confidence: 0.6322, Predicted Class: 2
Query 68/104 - Features: [0.657, 705.727, 9.439, 0.069, 4.201, 3.166, 8.934, 6.966] - Confidence: 0.6672, Predicted Class: 0
Query 69/104 - Features: [0.605, 705.694, 9.383, 0.05, 4.189, 3.069, 8.946, 7.046] - Confidence: 0.655, Predicted Class: 2
Query 70/104 - Features: [0.643, 705.673, 9.335, 0.108, 4.174, 3.073, 8.88, 6.937] - Confidence: 0.5244, Predicted Class: 2
Query 71/104 - Features: [0.64, 705.727, 9.39, 0.013, 4.199, 3.119, 8.941, 7.017] - Confidence: 0.6236, Predicted Class: 0
Query 72/104 - Features: [0.614, 705.842, 9.451, 0.042, 4.174, 3.048, 8.884, 6.958] - Confidence: 0.5329, Predicted Class: 1
Query 73/104 - Features: [0.547, 705.674, 9.409, 0.065, 4.206, 3.168, 8.984, 7.017] - Confidence: 0.5122, Predicted Class: 1
Query 74/104 - Features: [0.517, 705.677, 9.251, 0.03, 4.278, 3.131, 9.021, 6.955] - Confidence: 0.4092, Predicted Class: 1
Query 75/104 - Features: [0.62, 705.68, 9.331, 0.041, 4.324, 3.247, 8.928, 6.929] - Confidence: 0.6447, Predicted Class: 1
Query 76/104 - Features: [0.532, 705.694, 9.378, 0.103, 4.215, 3.145, 8.957, 6.963] - Confidence: 0.4052, Predicted Class: 1
Query 77/104 - Features: [0.613, 705.719, 9.341, 0.008, 4.258, 3.14, 8.98, 7.022] - Confidence: 0.5727, Predicted Class: 0
Query 78/104 - Features: [0.525, 705.749, 9.303, 0.035, 4.265, 3.014, 9.007, 7.01] - Confidence: 0.5978, Predicted Class: 2
Query 79/104 - Features: [0.63, 705.707, 9.355, 0.068, 4.216, 3.179, 9.009, 7.015] - Confidence: 0.4388, Predicted Class: 1
Query 80/104 - Features: [0.657, 705.658, 9.295, 0.083, 4.295, 3.197, 9.024, 6.943] - Confidence: 0.6182, Predicted Class: 2
Query 81/104 - Features: [0.538, 705.661, 9.365, 0.034, 4.166, 3.173, 8.897, 7.046] - Confidence: 0.6083, Predicted Class: 1
Query 82/104 - Features: [0.566, 705.656, 9.465, 0.069, 4.225, 3.2, 8.915, 7.09] - Confidence: 0.5391, Predicted Class: 1
...
Query 83/104 - Features: [0.595, 705.728, 9.419, 0.092, 4.192, 3.171, 8.907, 7.007] - Confidence: 0.4806, Predicted Class: 0
Query 84/104 - Features: [0.584, 705.656, 9.261, -0.036, 4.277, 3.139, 9.022, 7.071] - Confidence: 0.4926, Predicted Class: 0
Query 85/104 - Features: [0.604, 705.676, 9.34, 0.018, 4.176, 3.151, 9.09, 7.075] - Confidence: 0.6673, Predicted Class: 1
Query 86/104 - Features: [0.599, 705.755, 9.328, 0.002, 4.221, 3.193, 8.95, 7.088] - Confidence: 0.4253, Predicted Class: 2
Query 87/104 - Features: [0.631, 705.72, 9.376, 0.024, 4.116, 3.133, 8.987, 7.056] - Confidence: 0.5507, Predicted Class: 2
Query 88/104 - Features: [0.552, 705.566, 9.403, 0.063, 4.228, 3.049, 8.967, 6.996] - Confidence: 0.5429, Predicted Class: 0
Query 89/104 - Features: [0.621, 705.605, 9.441, 0.018, 4.284, 3.179, 8.934, 6.914] - Confidence: 0.4259, Predicted Class: 2
Query 90/104 - Features: [0.63, 705.702, 9.293, 0.11, 4.124, 3.179, 8.967, 6.96] - Confidence: 0.4769, Predicted Class: 2
...
Query 91/104 - Features: [0.473, 705.693, 9.504, 0.009, 4.171, 3.148, 8.971, 7.0] - Confidence: 0.6091, Predicted Class: 1
Query 92/104 - Features: [0.632, 705.67, 9.269, -0.04, 4.158, 3.104, 8.896, 6.989] - Confidence: 0.5347, Predicted Class: 2
Query 93/104 - Features: [0.616, 705.625, 9.373, 0.132, 4.278, 3.227, 8.992, 7.012] - Confidence: 0.4713, Predicted Class: 2
Query 94/104 - Features: [0.653, 705.745, 9.423, 0.051, 4.177, 3.15, 8.96, 7.049] - Confidence: 0.6718, Predicted Class: 0
Query 95/104 - Features: [0.559, 705.619, 9.415, 0.017, 4.215, 3.116, 9.005, 7.033] - Confidence: 0.4399, Predicted Class: 2
Query 96/104 - Features: [0.563, 705.741, 9.336, -0.018, 4.157, 3.162, 9.01, 6.977] - Confidence: 0.5986, Predicted Class: 2
Query 97/104 - Features: [0.59, 705.63, 9.433, 0.015, 4.234, 3.185, 8.991, 7.065] - Confidence: 0.5461, Predicted Class: 0
...
Query 98/104 - Features: [0.715, 705.753, 9.38, 0.114, 4.253, 3.176, 8.865, 7.002] - Confidence: 0.5716, Predicted Class: 2
Query 99/104 - Features: [0.726, 705.691, 9.372, 0.017, 4.203, 3.23, 8.948, 7.019] - Confidence: 0.6148, Predicted Class: 0
Query 100/104 - Features: [0.617, 705.687, 9.379, 0.053, 4.18, 3.168, 8.926, 7.044] - Confidence: 0.674, Predicted Class: 0
Query 101/104 - Features: [0.616, 705.775, 9.309, 0.05, 4.148, 3.126, 8.952, 6.947] - Confidence: 0.5379, Predicted Class: 1
Query 102/104 - Features: [0.597, 705.7, 9.365, 0.009, 4.172, 3.174, 8.929, 7.067] - Confidence: 0.4927, Predicted Class: 1
Query 103/104 - Features: [0.553, 705.735, 9.319, 0.03, 4.257, 3.138, 9.002, 6.946] - Confidence: 0.5046, Predicted Class: 1
Query 104/104 - Features: [0.71, 705.665, 9.423, 0.108, 4.18, 3.203, 8.899, 7.018] - Confidence: 0.5688, Predicted Class: 2
[+] Collected 104 model responses.
[+] Training the membership inference attack model (RandomForestClassifier)...
[+] Attack model training completed.
==================================================
 Membership Inference Attack Result
==================================================
 Attack Model Membership Score: 0.9341
 Conclusion: The sample is LIKELY a member.
==================================================
[+] Attack results saved to small log file.
STATUS: Task completed successfully - Execution time: 42.7 seconds