[+] Starting Membership Inference Attack for model 'ocean_ts_profile_model'
[+] Generating 145 shadow samples...
[+] Querying the target model for 146 samples...
Query 1/146 - Features: [0.629, 503.271, 5.024, 0.183, 7.456] - Confidence: 0.9753, Predicted Class: 5
Query 2/146 - Features: [0.677, 503.28, 4.994, 0.163, 7.384] - Confidence: 0.4961, Predicted Class: 0
Query 3/146 - Features: [0.649, 503.268, 4.982, 0.201, 7.361] - Confidence: 0.4577, Predicted Class: 1
Query 4/146 - Features: [0.66, 503.28, 5.015, 0.231, 7.445] - Confidence: 0.6278, Predicted Class: 0
Query 5/146 - Features: [0.572, 503.23, 5.023, 0.216, 7.481] - Confidence: 0.5291, Predicted Class: 0
Query 6/146 - Features: [0.681, 503.279, 5.03, 0.193, 7.474] - Confidence: 0.6839, Predicted Class: 2
Query 7/146 - Features: [0.665, 503.264, 4.966, 0.141, 7.533] - Confidence: 0.5505, Predicted Class: 0
Query 8/146 - Features: [0.585, 503.273, 4.949, 0.177, 7.376] - Confidence: 0.544, Predicted Class: 1
Query 9/146 - Features: [0.616, 503.214, 5.028, 0.18, 7.406] - Confidence: 0.4954, Predicted Class: 0
Query 10/146 - Features: [0.61, 503.234, 5.009, 0.224, 7.537] - Confidence: 0.6365, Predicted Class: 0
Query 11/146 - Features: [0.609, 503.247, 5.019, 0.181, 7.442] - Confidence: 0.5758, Predicted Class: 0
Query 12/146 - Features: [0.556, 503.371, 5.076, 0.165, 7.445] - Confidence: 0.6128, Predicted Class: 0
Query 13/146 - Features: [0.629, 503.307, 5.017, 0.23, 7.478] - Confidence: 0.5235, Predicted Class: 2
Query 14/146 - Features: [0.632, 503.283, 5.061, 0.256, 7.454] - Confidence: 0.4018, Predicted Class: 2
Query 15/146 - Features: [0.687, 503.339, 4.984, 0.25, 7.405] - Confidence: 0.6816, Predicted Class: 2
Query 16/146 - Features: [0.684, 503.325, 4.972, 0.235, 7.449] - Confidence: 0.6564, Predicted Class: 1
Query 17/146 - Features: [0.696, 503.254, 5.016, 0.241, 7.415] - Confidence: 0.5116, Predicted Class: 0
Query 18/146 - Features: [0.693, 503.3, 4.964, 0.186, 7.411] - Confidence: 0.5307, Predicted Class: 0
Query 19/146 - Features: [0.591, 503.348, 4.968, 0.102, 7.404] - Confidence: 0.6617, Predicted Class: 1
Query 20/146 - Features: [0.591, 503.326, 5.0, 0.159, 7.44] - Confidence: 0.4759, Predicted Class: 0
Query 21/146 - Features: [0.643, 503.247, 5.033, 0.176, 7.49] - Confidence: 0.4568, Predicted Class: 1
Query 22/146 - Features: [0.592, 503.17, 4.939, 0.204, 7.368] - Confidence: 0.5562, Predicted Class: 2
...
Query 23/146 - Features: [0.629, 503.212, 5.007, 0.189, 7.428] - Confidence: 0.4409, Predicted Class: 1
Query 24/146 - Features: [0.703, 503.275, 4.991, 0.208, 7.328] - Confidence: 0.5664, Predicted Class: 1
Query 25/146 - Features: [0.608, 503.237, 4.967, 0.15, 7.503] - Confidence: 0.5899, Predicted Class: 2
Query 26/146 - Features: [0.656, 503.309, 4.99, 0.231, 7.437] - Confidence: 0.5866, Predicted Class: 1
Query 27/146 - Features: [0.59, 503.16, 5.015, 0.112, 7.495] - Confidence: 0.6939, Predicted Class: 1
Query 28/146 - Features: [0.544, 503.165, 5.101, 0.152, 7.417] - Confidence: 0.5528, Predicted Class: 0
Query 29/146 - Features: [0.661, 503.295, 5.111, 0.156, 7.429] - Confidence: 0.4353, Predicted Class: 0
Query 30/146 - Features: [0.656, 503.271, 5.057, 0.159, 7.471] - Confidence: 0.5038, Predicted Class: 0
Query 31/146 - Features: [0.628, 503.28, 4.979, 0.15, 7.447] - Confidence: 0.6426, Predicted Class: 2
Query 32/146 - Features: [0.611, 503.226, 5.021, 0.141, 7.441] - Confidence: 0.6929, Predicted Class: 1
...
Query 33/146 - Features: [0.598, 503.312, 5.086, 0.173, 7.467] - Confidence: 0.6729, Predicted Class: 2
Query 34/146 - Features: [0.543, 503.216, 5.02, 0.205, 7.511] - Confidence: 0.5278, Predicted Class: 0
Query 35/146 - Features: [0.616, 503.214, 5.059, 0.23, 7.423] - Confidence: 0.4879, Predicted Class: 2
Query 36/146 - Features: [0.552, 503.237, 4.994, 0.138, 7.477] - Confidence: 0.4057, Predicted Class: 0
Query 37/146 - Features: [0.644, 503.33, 5.09, 0.164, 7.375] - Confidence: 0.6568, Predicted Class: 2
Query 38/146 - Features: [0.699, 503.306, 4.997, 0.187, 7.358] - Confidence: 0.4275, Predicted Class: 1
...
Query 39/146 - Features: [0.585, 503.229, 4.992, 0.152, 7.564] - Confidence: 0.5141, Predicted Class: 1
Query 40/146 - Features: [0.661, 503.255, 4.978, 0.216, 7.498] - Confidence: 0.6397, Predicted Class: 0
Query 41/146 - Features: [0.635, 503.291, 5.099, 0.221, 7.402] - Confidence: 0.4389, Predicted Class: 1
Query 42/146 - Features: [0.582, 503.226, 4.973, 0.193, 7.526] - Confidence: 0.5024, Predicted Class: 0
Query 43/146 - Features: [0.644, 503.295, 5.001, 0.116, 7.415] - Confidence: 0.5817, Predicted Class: 2
Query 44/146 - Features: [0.67, 503.246, 5.038, 0.217, 7.497] - Confidence: 0.6457, Predicted Class: 2
Query 45/146 - Features: [0.649, 503.295, 4.966, 0.155, 7.57] - Confidence: 0.5805, Predicted Class: 2
Query 46/146 - Features: [0.544, 503.309, 4.969, 0.176, 7.425] - Confidence: 0.5792, Predicted Class: 0
...
Query 47/146 - Features: [0.731, 503.303, 5.055, 0.066, 7.38] - Confidence: 0.593, Predicted Class: 2
Query 48/146 - Features: [0.594, 503.305, 5.005, 0.16, 7.418] - Confidence: 0.4446, Predicted Class: 1
...
Query 49/146 - Features: [0.626, 503.246, 5.018, 0.121, 7.48] - Confidence: 0.6808, Predicted Class: 0
Query 50/146 - Features: [0.643, 503.257, 5.028, 0.212, 7.366] - Confidence: 0.4935, Predicted Class: 2
...
Query 51/146 - Features: [0.577, 503.308, 4.956, 0.15, 7.428] - Confidence: 0.5744, Predicted Class: 2
Query 52/146 - Features: [0.616, 503.281, 5.077, 0.239, 7.53] - Confidence: 0.6884, Predicted Class: 2
Query 53/146 - Features: [0.708, 503.295, 5.027, 0.141, 7.475] - Confidence: 0.5483, Predicted Class: 1
Query 54/146 - Features: [0.661, 503.23, 4.954, 0.202, 7.505] - Confidence: 0.5415, Predicted Class: 1
Query 55/146 - Features: [0.689, 503.241, 5.01, 0.148, 7.449] - Confidence: 0.6805, Predicted Class: 1
Query 56/146 - Features: [0.618, 503.291, 5.044, 0.172, 7.503] - Confidence: 0.4468, Predicted Class: 1
Query 57/146 - Features: [0.699, 503.24, 4.995, 0.136, 7.527] - Confidence: 0.5999, Predicted Class: 2
Query 58/146 - Features: [0.658, 503.204, 4.94, 0.274, 7.483] - Confidence: 0.5779, Predicted Class: 2
Query 59/146 - Features: [0.672, 503.292, 5.046, 0.186, 7.48] - Confidence: 0.422, Predicted Class: 2
Query 60/146 - Features: [0.554, 503.209, 4.928, 0.326, 7.441] - Confidence: 0.6864, Predicted Class: 1
Query 61/146 - Features: [0.623, 503.272, 4.996, 0.232, 7.479] - Confidence: 0.433, Predicted Class: 1
Query 62/146 - Features: [0.603, 503.283, 4.945, 0.185, 7.46] - Confidence: 0.6667, Predicted Class: 0
Query 63/146 - Features: [0.651, 503.241, 4.993, 0.235, 7.563] - Confidence: 0.6125, Predicted Class: 0
Query 64/146 - Features: [0.578, 503.257, 5.036, 0.218, 7.49] - Confidence: 0.6841, Predicted Class: 1
Query 65/146 - Features: [0.683, 503.316, 5.058, 0.186, 7.484] - Confidence: 0.5723, Predicted Class: 2
Query 66/146 - Features: [0.723, 503.159, 5.046, 0.192, 7.446] - Confidence: 0.5876, Predicted Class: 0
Query 67/146 - Features: [0.695, 503.259, 4.984, 0.167, 7.344] - Confidence: 0.546, Predicted Class: 2
Query 68/146 - Features: [0.73, 503.255, 5.03, 0.187, 7.518] - Confidence: 0.5698, Predicted Class: 1
Query 69/146 - Features: [0.625, 503.257, 5.026, 0.149, 7.457] - Confidence: 0.5352, Predicted Class: 2
...
Query 70/146 - Features: [0.627, 503.24, 4.983, 0.192, 7.471] - Confidence: 0.6212, Predicted Class: 1
...
Query 71/146 - Features: [0.749, 503.269, 5.009, 0.173, 7.448] - Confidence: 0.5632, Predicted Class: 2
Query 72/146 - Features: [0.61, 503.329, 4.975, 0.232, 7.344] - Confidence: 0.524, Predicted Class: 2
Query 73/146 - Features: [0.62, 503.099, 5.077, 0.125, 7.435] - Confidence: 0.5171, Predicted Class: 0
Query 74/146 - Features: [0.643, 503.26, 4.945, 0.215, 7.462] - Confidence: 0.6126, Predicted Class: 0
Query 75/146 - Features: [0.679, 503.243, 5.008, 0.109, 7.46] - Confidence: 0.5503, Predicted Class: 1
Query 76/146 - Features: [0.703, 503.239, 5.111, 0.136, 7.483] - Confidence: 0.4953, Predicted Class: 2
Query 77/146 - Features: [0.644, 503.288, 5.021, 0.176, 7.482] - Confidence: 0.5126, Predicted Class: 1
Query 78/146 - Features: [0.558, 503.238, 5.014, 0.145, 7.46] - Confidence: 0.6885, Predicted Class: 2
Query 79/146 - Features: [0.644, 503.228, 5.023, 0.236, 7.502] - Confidence: 0.6012, Predicted Class: 0
Query 80/146 - Features: [0.649, 503.214, 4.971, 0.24, 7.424] - Confidence: 0.442, Predicted Class: 2
Query 81/146 - Features: [0.607, 503.257, 5.052, 0.265, 7.473] - Confidence: 0.6827, Predicted Class: 0
Query 82/146 - Features: [0.645, 503.331, 5.089, 0.12, 7.407] - Confidence: 0.623, Predicted Class: 1
Query 83/146 - Features: [0.609, 503.322, 5.063, 0.05, 7.399] - Confidence: 0.6855, Predicted Class: 1
...
Query 84/146 - Features: [0.698, 503.313, 5.065, 0.161, 7.43] - Confidence: 0.4104, Predicted Class: 1
Query 85/146 - Features: [0.656, 503.3, 5.043, 0.143, 7.443] - Confidence: 0.629, Predicted Class: 2
Query 86/146 - Features: [0.506, 503.317, 5.006, 0.173, 7.433] - Confidence: 0.4719, Predicted Class: 0
Query 87/146 - Features: [0.634, 503.321, 5.021, 0.158, 7.549] - Confidence: 0.5895, Predicted Class: 1
Query 88/146 - Features: [0.557, 503.308, 5.06, 0.199, 7.434] - Confidence: 0.5063, Predicted Class: 2
Query 89/146 - Features: [0.668, 503.349, 5.089, 0.143, 7.44] - Confidence: 0.5487, Predicted Class: 0
Query 90/146 - Features: [0.611, 503.169, 5.029, 0.216, 7.414] - Confidence: 0.5679, Predicted Class: 0
Query 91/146 - Features: [0.609, 503.266, 4.966, 0.234, 7.442] - Confidence: 0.5357, Predicted Class: 0
Query 92/146 - Features: [0.703, 503.244, 5.039, 0.177, 7.404] - Confidence: 0.697, Predicted Class: 2
Query 93/146 - Features: [0.604, 503.226, 5.049, 0.189, 7.451] - Confidence: 0.4745, Predicted Class: 0
Query 94/146 - Features: [0.642, 503.245, 5.035, 0.281, 7.393] - Confidence: 0.6861, Predicted Class: 2
Query 95/146 - Features: [0.612, 503.144, 5.041, 0.195, 7.418] - Confidence: 0.5639, Predicted Class: 2
Query 96/146 - Features: [0.645, 503.266, 4.961, 0.164, 7.496] - Confidence: 0.5063, Predicted Class: 1
Query 97/146 - Features: [0.604, 503.324, 5.032, 0.223, 7.56] - Confidence: 0.5812, Predicted Class: 1
Query 98/146 - Features: [0.566, 503.231, 4.975, 0.206, 7.463] - Confidence: 0.6646, Predicted Class: 0
Query 99/146 - Features: [0.594, 503.362, 4.905, 0.16, 7.481] - Confidence: 0.6414, Predicted Class: 0
Query 100/146 - Features: [0.609, 503.257, 5.009, 0.22, 7.429] - Confidence: 0.4031, Predicted Class: 1
Query 101/146 - Features: [0.712, 503.401, 5.09, 0.23, 7.489] - Confidence: 0.5446, Predicted Class: 1
...
Query 102/146 - Features: [0.57, 503.306, 5.06, 0.219, 7.408] - Confidence: 0.5721, Predicted Class: 2
Query 103/146 - Features: [0.568, 503.287, 5.038, 0.138, 7.42] - Confidence: 0.438, Predicted Class: 2
Query 104/146 - Features: [0.613, 503.263, 5.027, 0.186, 7.431] - Confidence: 0.6442, Predicted Class: 1
Query 105/146 - Features: [0.707, 503.342, 5.045, 0.216, 7.352] - Confidence: 0.5616, Predicted Class: 1
Query 106/146 - Features: [0.628, 503.329, 5.091, 0.116, 7.427] - Confidence: 0.5457, Predicted Class: 1
...
Query 107/146 - Features: [0.617, 503.241, 5.007, 0.276, 7.452] - Confidence: 0.596, Predicted Class: 0
Query 108/146 - Features: [0.563, 503.273, 4.98, 0.192, 7.434] - Confidence: 0.4947, Predicted Class: 2
Query 109/146 - Features: [0.628, 503.296, 5.042, 0.167, 7.391] - Confidence: 0.5768, Predicted Class: 2
Query 110/146 - Features: [0.704, 503.309, 5.064, 0.154, 7.516] - Confidence: 0.5467, Predicted Class: 0
Query 111/146 - Features: [0.589, 503.22, 4.992, 0.273, 7.412] - Confidence: 0.6881, Predicted Class: 0
Query 112/146 - Features: [0.569, 503.26, 5.014, 0.111, 7.441] - Confidence: 0.5868, Predicted Class: 2
Query 113/146 - Features: [0.636, 503.21, 5.011, 0.092, 7.422] - Confidence: 0.4386, Predicted Class: 1
...
Query 114/146 - Features: [0.618, 503.254, 5.002, 0.067, 7.367] - Confidence: 0.4976, Predicted Class: 2
Query 115/146 - Features: [0.653, 503.29, 5.097, 0.186, 7.43] - Confidence: 0.6717, Predicted Class: 1
Query 116/146 - Features: [0.72, 503.283, 5.057, 0.096, 7.426] - Confidence: 0.5431, Predicted Class: 0
Query 117/146 - Features: [0.637, 503.289, 5.018, 0.252, 7.462] - Confidence: 0.4913, Predicted Class: 0
Query 118/146 - Features: [0.573, 503.312, 5.072, 0.219, 7.465] - Confidence: 0.5189, Predicted Class: 2
Query 119/146 - Features: [0.682, 503.247, 4.996, 0.205, 7.423] - Confidence: 0.4471, Predicted Class: 0
Query 120/146 - Features: [0.594, 503.318, 5.038, 0.137, 7.419] - Confidence: 0.5222, Predicted Class: 2
Query 121/146 - Features: [0.714, 503.21, 5.028, 0.243, 7.471] - Confidence: 0.5864, Predicted Class: 2
Query 122/146 - Features: [0.664, 503.245, 4.967, 0.177, 7.412] - Confidence: 0.5653, Predicted Class: 0
Query 123/146 - Features: [0.717, 503.316, 4.988, 0.174, 7.54] - Confidence: 0.4348, Predicted Class: 2
...
Query 124/146 - Features: [0.57, 503.27, 5.008, 0.183, 7.454] - Confidence: 0.6642, Predicted Class: 1
Query 125/146 - Features: [0.701, 503.297, 5.107, 0.117, 7.434] - Confidence: 0.5233, Predicted Class: 2
...
Query 126/146 - Features: [0.568, 503.29, 4.978, 0.203, 7.385] - Confidence: 0.4728, Predicted Class: 1
...
Query 127/146 - Features: [0.702, 503.38, 5.021, 0.252, 7.36] - Confidence: 0.6077, Predicted Class: 1
Query 128/146 - Features: [0.596, 503.24, 5.014, 0.155, 7.456] - Confidence: 0.5568, Predicted Class: 2
Query 129/146 - Features: [0.656, 503.195, 5.028, 0.183, 7.453] - Confidence: 0.6223, Predicted Class: 2
Query 130/146 - Features: [0.642, 503.246, 5.054, 0.203, 7.446] - Confidence: 0.4326, Predicted Class: 0
Query 131/146 - Features: [0.692, 503.24, 5.021, 0.141, 7.469] - Confidence: 0.5084, Predicted Class: 2
Query 132/146 - Features: [0.641, 503.202, 5.05, 0.213, 7.561] - Confidence: 0.4017, Predicted Class: 1
Query 133/146 - Features: [0.568, 503.27, 5.039, 0.249, 7.477] - Confidence: 0.5328, Predicted Class: 2
Query 134/146 - Features: [0.567, 503.248, 5.093, 0.187, 7.478] - Confidence: 0.6514, Predicted Class: 0
Query 135/146 - Features: [0.56, 503.249, 4.913, 0.208, 7.422] - Confidence: 0.6726, Predicted Class: 0
...
Query 136/146 - Features: [0.673, 503.313, 5.004, 0.182, 7.475] - Confidence: 0.4847, Predicted Class: 0
Query 137/146 - Features: [0.622, 503.2, 4.978, 0.156, 7.46] - Confidence: 0.5687, Predicted Class: 0
Query 138/146 - Features: [0.649, 503.279, 5.058, 0.071, 7.56] - Confidence: 0.5272, Predicted Class: 2
Query 139/146 - Features: [0.701, 503.313, 5.032, 0.223, 7.462] - Confidence: 0.4731, Predicted Class: 2
Query 140/146 - Features: [0.64, 503.277, 4.947, 0.208, 7.445] - Confidence: 0.5266, Predicted Class: 2
Query 141/146 - Features: [0.599, 503.157, 5.042, 0.196, 7.494] - Confidence: 0.4792, Predicted Class: 1
Query 142/146 - Features: [0.649, 503.303, 4.974, 0.199, 7.533] - Confidence: 0.4277, Predicted Class: 1
...
Query 143/146 - Features: [0.637, 503.249, 5.011, 0.241, 7.476] - Confidence: 0.4879, Predicted Class: 2
...
Query 144/146 - Features: [0.596, 503.326, 5.066, 0.144, 7.397] - Confidence: 0.426, Predicted Class: 1
...
Query 145/146 - Features: [0.738, 503.375, 5.03, 0.253, 7.448] - Confidence: 0.4178, Predicted Class: 1
Query 146/146 - Features: [0.577, 503.283, 5.023, 0.193, 7.437] - Confidence: 0.4853, Predicted Class: 1
...
[+] Collected 146 model responses.
[+] Training the membership inference attack model (RandomForestClassifier)...
[+] Attack model training completed.
==================================================
 Membership Inference Attack Result
==================================================
 Attack Model Membership Score: 0.9019
 Conclusion: The sample is LIKELY a member.
==================================================
[+] Attack results saved to small log file.
STATUS: Task completed successfully - Execution time: 58.07 seconds