[*] taskId: task-ed5c049b1727
[+] Starting model inversion attack on target area (18.2000, 120.5000)
[+] Probing depth from 0m to 849m with step 10m
  Depth:    0m | Avg Salinity: 33.5311
  Depth:   10m | Avg Salinity: 33.5511
  Depth:   20m | Avg Salinity: 33.5093
  Depth:   30m | Avg Salinity: 33.5568
  Depth:   40m | Avg Salinity: 33.5350
[+] Progress: Completed depth 50m
  Depth:   50m | Avg Salinity: 33.6075
[-] Error on query 5 at depth 60m: Model response timeout (504)
  Depth:   70m | Avg Salinity: 33.6173
  Depth:   80m | Avg Salinity: 33.6137
  Depth:   90m | Avg Salinity: 33.6460
[+] Progress: Completed depth 100m
  Depth:  100m | Avg Salinity: 33.6646
  Depth:  110m | Avg Salinity: 33.6976
  Depth:  120m | Avg Salinity: 33.6506
  Depth:  130m | Avg Salinity: 33.7410
  Depth:  140m | Avg Salinity: 33.7302
[+] Progress: Completed depth 150m
  Depth:  150m | Avg Salinity: 33.7213
  Depth:  160m | Avg Salinity: 33.7242
  Depth:  170m | Avg Salinity: 33.7558
  Depth:  180m | Avg Salinity: 33.8137
  Depth:  190m | Avg Salinity: 33.8128
[+] Progress: Completed depth 200m
  Depth:  200m | Avg Salinity: 33.8387
  Depth:  210m | Avg Salinity: 33.8345
  Depth:  220m | Avg Salinity: 33.8743
  Depth:  230m | Avg Salinity: 33.8878
  Depth:  240m | Avg Salinity: 33.8825
[+] Progress: Completed depth 250m
  Depth:  250m | Avg Salinity: 33.8678
  Depth:  260m | Avg Salinity: 33.8699
  Depth:  270m | Avg Salinity: 33.8573
  Depth:  280m | Avg Salinity: 33.9168
  Depth:  290m | Avg Salinity: 33.9473
[+] Progress: Completed depth 300m
  Depth:  300m | Avg Salinity: 33.9779
  Depth:  310m | Avg Salinity: 33.9640
  Depth:  320m | Avg Salinity: 33.9468
  Depth:  330m | Avg Salinity: 33.9466
  Depth:  340m | Avg Salinity: 34.0282
[+] Progress: Completed depth 350m
  Depth:  350m | Avg Salinity: 33.9763
  Depth:  360m | Avg Salinity: 34.0502
  Depth:  370m | Avg Salinity: 34.0996
  Depth:  380m | Avg Salinity: 34.0885
  Depth:  390m | Avg Salinity: 34.0806
[+] Progress: Completed depth 400m
  Depth:  400m | Avg Salinity: 34.0987
  Depth:  410m | Avg Salinity: 34.1407
  Depth:  420m | Avg Salinity: 34.0876
  Depth:  430m | Avg Salinity: 34.1266
  Depth:  440m | Avg Salinity: 34.1414
[+] Progress: Completed depth 450m
  Depth:  450m | Avg Salinity: 34.1981
  Depth:  460m | Avg Salinity: 34.1916
  Depth:  470m | Avg Salinity: 34.1838
  Depth:  480m | Avg Salinity: 34.1991
  Depth:  490m | Avg Salinity: 34.2375
[+] Progress: Completed depth 500m
  Depth:  500m | Avg Salinity: 34.2408
  Depth:  510m | Avg Salinity: 34.2942
  Depth:  520m | Avg Salinity: 34.2333
  Depth:  530m | Avg Salinity: 34.2561
[-] Error on query 3 at depth 540m: Model response timeout (504)
[+] Progress: Completed depth 550m
  Depth:  550m | Avg Salinity: 34.3668
  Depth:  560m | Avg Salinity: 34.3794
  Depth:  570m | Avg Salinity: 34.3395
  Depth:  580m | Avg Salinity: 34.3266
  Depth:  590m | Avg Salinity: 34.4219
[+] Progress: Completed depth 600m
  Depth:  600m | Avg Salinity: 34.3773
  Depth:  610m | Avg Salinity: 34.3674
  Depth:  620m | Avg Salinity: 34.4133
  Depth:  630m | Avg Salinity: 34.4331
  Depth:  640m | Avg Salinity: 34.4619
[+] Progress: Completed depth 650m
  Depth:  650m | Avg Salinity: 34.5227
  Depth:  660m | Avg Salinity: 34.4513
  Depth:  670m | Avg Salinity: 34.5540
  Depth:  680m | Avg Salinity: 34.5466
  Depth:  690m | Avg Salinity: 34.5235
[+] Progress: Completed depth 700m
  Depth:  700m | Avg Salinity: 34.5796
  Depth:  710m | Avg Salinity: 34.5936
  Depth:  720m | Avg Salinity: 34.6268
  Depth:  730m | Avg Salinity: 34.5576
  Depth:  740m | Avg Salinity: 34.6062
[+] Progress: Completed depth 750m
  Depth:  750m | Avg Salinity: 34.6462
  Depth:  760m | Avg Salinity: 34.6864
  Depth:  770m | Avg Salinity: 34.6570
  Depth:  780m | Avg Salinity: 34.6579
  Depth:  790m | Avg Salinity: 34.6721
[+] Progress: Completed depth 800m
[-] Error on query 2 at depth 800m: Model response timeout (504)
  Depth:  810m | Avg Salinity: 34.7384
  Depth:  820m | Avg Salinity: 34.7323
  Depth:  830m | Avg Salinity: 34.7038
  Depth:  840m | Avg Salinity: 34.7801
[+] Progress: Completed depth 850m
  Depth:  850m | Avg Salinity: 34.7510
[+] Attack completed.
[+] Collected 430 data points.
[+] Reconstructed salinity profile saved to reconstructed_profile_18.2_120.5.csv
