[*] taskId: task-50d128c1f3d1
[+] Starting model inversion attack on target area (18.2000, 120.5000)
[+] Probing depth from 0m to 668m with step 10m
  Depth:    0m | Avg Salinity: 33.5247
  Depth:   10m | Avg Salinity: 33.4800
  Depth:   20m | Avg Salinity: 33.5430
  Depth:   30m | Avg Salinity: 33.5199
  Depth:   40m | Avg Salinity: 33.5215
[+] Progress: Completed depth 50m
  Depth:   50m | Avg Salinity: 33.5834
[-] Error on query 3 at depth 60m: Model response timeout (504)
  Depth:   70m | Avg Salinity: 33.6120
  Depth:   80m | Avg Salinity: 33.6695
  Depth:   90m | Avg Salinity: 33.6082
[+] Progress: Completed depth 100m
  Depth:  100m | Avg Salinity: 33.6466
  Depth:  110m | Avg Salinity: 33.6875
  Depth:  120m | Avg Salinity: 33.6410
  Depth:  130m | Avg Salinity: 33.7177
  Depth:  140m | Avg Salinity: 33.6659
[+] Progress: Completed depth 150m
  Depth:  150m | Avg Salinity: 33.6944
  Depth:  160m | Avg Salinity: 33.7784
  Depth:  170m | Avg Salinity: 33.7477
  Depth:  180m | Avg Salinity: 33.7753
  Depth:  190m | Avg Salinity: 33.7905
[+] Progress: Completed depth 200m
  Depth:  200m | Avg Salinity: 33.7830
  Depth:  210m | Avg Salinity: 33.8416
  Depth:  220m | Avg Salinity: 33.8341
  Depth:  230m | Avg Salinity: 33.7951
  Depth:  240m | Avg Salinity: 33.8843
[+] Progress: Completed depth 250m
  Depth:  250m | Avg Salinity: 33.8513
[-] Error on query 1 at depth 260m: Model response timeout (504)
[-] Error on query 5 at depth 270m: Model response timeout (504)
  Depth:  280m | Avg Salinity: 33.8939
  Depth:  290m | Avg Salinity: 33.9324
[+] Progress: Completed depth 300m
  Depth:  300m | Avg Salinity: 33.9284
  Depth:  310m | Avg Salinity: 33.9465
  Depth:  320m | Avg Salinity: 34.0233
  Depth:  330m | Avg Salinity: 33.9864
  Depth:  340m | Avg Salinity: 34.0438
[+] Progress: Completed depth 350m
  Depth:  350m | Avg Salinity: 34.0443
  Depth:  360m | Avg Salinity: 34.0105
[-] Error on query 3 at depth 370m: Model response timeout (504)
  Depth:  380m | Avg Salinity: 34.0863
[-] Error on query 5 at depth 390m: Model response timeout (504)
[+] Progress: Completed depth 400m
  Depth:  400m | Avg Salinity: 34.0524
  Depth:  410m | Avg Salinity: 34.1112
  Depth:  420m | Avg Salinity: 34.1211
  Depth:  430m | Avg Salinity: 34.1721
  Depth:  440m | Avg Salinity: 34.1268
[+] Progress: Completed depth 450m
[-] Error on query 4 at depth 450m: Model response timeout (504)
  Depth:  460m | Avg Salinity: 34.1892
  Depth:  470m | Avg Salinity: 34.1990
[-] Error on query 2 at depth 480m: Model response timeout (504)
  Depth:  490m | Avg Salinity: 34.2336
[+] Progress: Completed depth 500m
  Depth:  500m | Avg Salinity: 34.2110
[-] Error on query 4 at depth 510m: Model response timeout (504)
  Depth:  520m | Avg Salinity: 34.2842
  Depth:  530m | Avg Salinity: 34.2978
  Depth:  540m | Avg Salinity: 34.3023
[+] Progress: Completed depth 550m
  Depth:  550m | Avg Salinity: 34.3476
  Depth:  560m | Avg Salinity: 34.3331
  Depth:  570m | Avg Salinity: 34.3471
  Depth:  580m | Avg Salinity: 34.4172
  Depth:  590m | Avg Salinity: 34.3416
[+] Progress: Completed depth 600m
  Depth:  600m | Avg Salinity: 34.3736
  Depth:  610m | Avg Salinity: 34.3974
  Depth:  620m | Avg Salinity: 34.4157
  Depth:  630m | Avg Salinity: 34.4883
  Depth:  640m | Avg Salinity: 34.4492
[+] Progress: Completed depth 650m
  Depth:  650m | Avg Salinity: 34.4684
  Depth:  660m | Avg Salinity: 34.4655
  Depth:  670m | Avg Salinity: 34.4787
[+] Attack completed.
[+] Collected 318 data points.
[+] Reconstructed salinity profile saved to reconstructed_profile_18.2_120.5.csv
