[*] taskId: task-63dfa00271fe
[+] Starting model inversion attack on target area (34.0000, 135.0000)
[+] Probing depth from 0m to 870m with step 5m
  Depth:    0m | Avg Salinity: 33.4966
  Depth:    5m | Avg Salinity: 33.4627
  Depth:   10m | Avg Salinity: 33.5613
  Depth:   15m | Avg Salinity: 33.5160
  Depth:   20m | Avg Salinity: 33.5125
  Depth:   25m | Avg Salinity: 33.5198
  Depth:   30m | Avg Salinity: 33.5875
  Depth:   35m | Avg Salinity: 33.5696
  Depth:   40m | Avg Salinity: 33.6013
  Depth:   45m | Avg Salinity: 33.6137
[+] Progress: Completed depth 50m
  Depth:   50m | Avg Salinity: 33.5869
  Depth:   55m | Avg Salinity: 33.5477
  Depth:   60m | Avg Salinity: 33.5576
  Depth:   65m | Avg Salinity: 33.5650
  Depth:   70m | Avg Salinity: 33.6112
  Depth:   75m | Avg Salinity: 33.5984
  Depth:   80m | Avg Salinity: 33.5898
  Depth:   85m | Avg Salinity: 33.6353
  Depth:   90m | Avg Salinity: 33.6201
  Depth:   95m | Avg Salinity: 33.6584
[+] Progress: Completed depth 100m
  Depth:  100m | Avg Salinity: 33.6484
  Depth:  105m | Avg Salinity: 33.6432
  Depth:  110m | Avg Salinity: 33.6542
  Depth:  115m | Avg Salinity: 33.7138
  Depth:  120m | Avg Salinity: 33.6517
  Depth:  125m | Avg Salinity: 33.7235
  Depth:  130m | Avg Salinity: 33.6460
  Depth:  135m | Avg Salinity: 33.6583
  Depth:  140m | Avg Salinity: 33.7385
  Depth:  145m | Avg Salinity: 33.7024
[+] Progress: Completed depth 150m
  Depth:  150m | Avg Salinity: 33.7148
  Depth:  155m | Avg Salinity: 33.7390
  Depth:  160m | Avg Salinity: 33.7356
  Depth:  165m | Avg Salinity: 33.7089
  Depth:  170m | Avg Salinity: 33.7999
[-] Error on query 3 at depth 175m: Model response timeout (504)
  Depth:  180m | Avg Salinity: 33.8197
  Depth:  185m | Avg Salinity: 33.7455
  Depth:  190m | Avg Salinity: 33.8245
  Depth:  195m | Avg Salinity: 33.7850
[+] Progress: Completed depth 200m
  Depth:  200m | Avg Salinity: 33.7776
  Depth:  205m | Avg Salinity: 33.8025
  Depth:  210m | Avg Salinity: 33.8485
  Depth:  215m | Avg Salinity: 33.8242
  Depth:  220m | Avg Salinity: 33.7991
  Depth:  225m | Avg Salinity: 33.8603
  Depth:  230m | Avg Salinity: 33.8858
  Depth:  235m | Avg Salinity: 33.8880
  Depth:  240m | Avg Salinity: 33.8104
  Depth:  245m | Avg Salinity: 33.8860
[+] Progress: Completed depth 250m
  Depth:  250m | Avg Salinity: 33.8821
  Depth:  255m | Avg Salinity: 33.9085
  Depth:  260m | Avg Salinity: 33.9392
  Depth:  265m | Avg Salinity: 33.8809
  Depth:  270m | Avg Salinity: 33.9004
  Depth:  275m | Avg Salinity: 33.9432
  Depth:  280m | Avg Salinity: 33.9171
  Depth:  285m | Avg Salinity: 33.9157
  Depth:  290m | Avg Salinity: 33.9032
  Depth:  295m | Avg Salinity: 33.9690
[+] Progress: Completed depth 300m
[-] Error on query 1 at depth 300m: Model response timeout (504)
  Depth:  305m | Avg Salinity: 33.9946
  Depth:  310m | Avg Salinity: 33.9546
  Depth:  315m | Avg Salinity: 34.0223
  Depth:  320m | Avg Salinity: 34.0051
[-] Error on query 1 at depth 325m: Model response timeout (504)
  Depth:  330m | Avg Salinity: 34.0263
  Depth:  335m | Avg Salinity: 33.9639
  Depth:  340m | Avg Salinity: 34.0014
  Depth:  345m | Avg Salinity: 33.9809
[+] Progress: Completed depth 350m
  Depth:  350m | Avg Salinity: 34.0490
  Depth:  355m | Avg Salinity: 34.0608
  Depth:  360m | Avg Salinity: 33.9950
  Depth:  365m | Avg Salinity: 34.0763
  Depth:  370m | Avg Salinity: 34.0058
  Depth:  375m | Avg Salinity: 34.0932
  Depth:  380m | Avg Salinity: 34.0800
  Depth:  385m | Avg Salinity: 34.0855
  Depth:  390m | Avg Salinity: 34.0381
  Depth:  395m | Avg Salinity: 34.0448
[+] Progress: Completed depth 400m
  Depth:  400m | Avg Salinity: 34.0814
  Depth:  405m | Avg Salinity: 34.1254
  Depth:  410m | Avg Salinity: 34.1364
  Depth:  415m | Avg Salinity: 34.1208
  Depth:  420m | Avg Salinity: 34.1744
  Depth:  425m | Avg Salinity: 34.1037
  Depth:  430m | Avg Salinity: 34.0980
  Depth:  435m | Avg Salinity: 34.1515
  Depth:  440m | Avg Salinity: 34.1134
  Depth:  445m | Avg Salinity: 34.1713
[+] Progress: Completed depth 450m
  Depth:  450m | Avg Salinity: 34.1870
  Depth:  455m | Avg Salinity: 34.2090
  Depth:  460m | Avg Salinity: 34.1453
  Depth:  465m | Avg Salinity: 34.2203
  Depth:  470m | Avg Salinity: 34.2125
  Depth:  475m | Avg Salinity: 34.1721
  Depth:  480m | Avg Salinity: 34.2340
[-] Error on query 1 at depth 485m: Model response timeout (504)
  Depth:  490m | Avg Salinity: 34.2700
  Depth:  495m | Avg Salinity: 34.2410
[+] Progress: Completed depth 500m
  Depth:  500m | Avg Salinity: 34.2802
  Depth:  505m | Avg Salinity: 34.2945
  Depth:  510m | Avg Salinity: 34.2679
  Depth:  515m | Avg Salinity: 34.3208
  Depth:  520m | Avg Salinity: 34.3210
  Depth:  525m | Avg Salinity: 34.3246
  Depth:  530m | Avg Salinity: 34.2832
  Depth:  535m | Avg Salinity: 34.2896
  Depth:  540m | Avg Salinity: 34.3181
  Depth:  545m | Avg Salinity: 34.2753
[+] Progress: Completed depth 550m
  Depth:  550m | Avg Salinity: 34.2960
  Depth:  555m | Avg Salinity: 34.2890
  Depth:  560m | Avg Salinity: 34.3066
  Depth:  565m | Avg Salinity: 34.3541
  Depth:  570m | Avg Salinity: 34.3539
  Depth:  575m | Avg Salinity: 34.4114
  Depth:  580m | Avg Salinity: 34.3822
  Depth:  585m | Avg Salinity: 34.3436
  Depth:  590m | Avg Salinity: 34.3852
  Depth:  595m | Avg Salinity: 34.3898
[+] Progress: Completed depth 600m
  Depth:  600m | Avg Salinity: 34.3649
  Depth:  605m | Avg Salinity: 34.3911
  Depth:  610m | Avg Salinity: 34.4645
  Depth:  615m | Avg Salinity: 34.3890
  Depth:  620m | Avg Salinity: 34.4607
  Depth:  625m | Avg Salinity: 34.4786
  Depth:  630m | Avg Salinity: 34.4930
  Depth:  635m | Avg Salinity: 34.4929
[-] Error on query 5 at depth 640m: Model response timeout (504)
  Depth:  645m | Avg Salinity: 34.4265
[+] Progress: Completed depth 650m
  Depth:  650m | Avg Salinity: 34.4948
  Depth:  655m | Avg Salinity: 34.5269
  Depth:  660m | Avg Salinity: 34.4762
  Depth:  665m | Avg Salinity: 34.4534
  Depth:  670m | Avg Salinity: 34.4967
  Depth:  675m | Avg Salinity: 34.4929
  Depth:  680m | Avg Salinity: 34.5061
  Depth:  685m | Avg Salinity: 34.5187
  Depth:  690m | Avg Salinity: 34.5276
  Depth:  695m | Avg Salinity: 34.5751
[+] Progress: Completed depth 700m
  Depth:  700m | Avg Salinity: 34.5501
  Depth:  705m | Avg Salinity: 34.5137
  Depth:  710m | Avg Salinity: 34.5974
[-] Error on query 3 at depth 715m: Model response timeout (504)
  Depth:  720m | Avg Salinity: 34.6232
  Depth:  725m | Avg Salinity: 34.6100
  Depth:  730m | Avg Salinity: 34.5796
  Depth:  735m | Avg Salinity: 34.5553
  Depth:  740m | Avg Salinity: 34.6497
  Depth:  745m | Avg Salinity: 34.6251
[+] Progress: Completed depth 750m
  Depth:  750m | Avg Salinity: 34.6034
  Depth:  755m | Avg Salinity: 34.6490
  Depth:  760m | Avg Salinity: 34.6465
  Depth:  765m | Avg Salinity: 34.6149
  Depth:  770m | Avg Salinity: 34.6704
  Depth:  775m | Avg Salinity: 34.6815
  Depth:  780m | Avg Salinity: 34.6355
  Depth:  785m | Avg Salinity: 34.6974
  Depth:  790m | Avg Salinity: 34.7008
  Depth:  795m | Avg Salinity: 34.6662
[+] Progress: Completed depth 800m
  Depth:  800m | Avg Salinity: 34.6535
  Depth:  805m | Avg Salinity: 34.7474
[-] Error on query 3 at depth 810m: Model response timeout (504)
  Depth:  815m | Avg Salinity: 34.7376
  Depth:  820m | Avg Salinity: 34.7115
  Depth:  825m | Avg Salinity: 34.6895
  Depth:  830m | Avg Salinity: 34.7924
  Depth:  835m | Avg Salinity: 34.7993
  Depth:  840m | Avg Salinity: 34.8079
  Depth:  845m | Avg Salinity: 34.7469
[+] Progress: Completed depth 850m
  Depth:  850m | Avg Salinity: 34.7867
  Depth:  855m | Avg Salinity: 34.7595
  Depth:  860m | Avg Salinity: 34.7588
  Depth:  865m | Avg Salinity: 34.7551
  Depth:  870m | Avg Salinity: 34.8450
[+] Attack completed.
[+] Collected 949 data points.
[+] Reconstructed salinity profile saved to reconstructed_profile_34.0_135.0.csv
