[*] taskId: task-7b4103160dde
[+] Starting model inversion attack on target area (22.3000, 114.2000)
[+] Probing depth from 0m to 861m with step 10m
  Depth:    0m | Avg Salinity: 33.4897
  Depth:   10m | Avg Salinity: 33.5600
  Depth:   20m | Avg Salinity: 33.5703
  Depth:   30m | Avg Salinity: 33.5788
  Depth:   40m | Avg Salinity: 33.5406
[+] Progress: Completed depth 50m
  Depth:   50m | Avg Salinity: 33.5381
  Depth:   60m | Avg Salinity: 33.5675
  Depth:   70m | Avg Salinity: 33.5605
  Depth:   80m | Avg Salinity: 33.5738
  Depth:   90m | Avg Salinity: 33.5961
[+] Progress: Completed depth 100m
  Depth:  100m | Avg Salinity: 33.6676
  Depth:  110m | Avg Salinity: 33.6644
  Depth:  120m | Avg Salinity: 33.6672
  Depth:  130m | Avg Salinity: 33.6608
  Depth:  140m | Avg Salinity: 33.6936
[+] Progress: Completed depth 150m
  Depth:  150m | Avg Salinity: 33.6898
  Depth:  160m | Avg Salinity: 33.7272
  Depth:  170m | Avg Salinity: 33.7596
  Depth:  180m | Avg Salinity: 33.7919
  Depth:  190m | Avg Salinity: 33.7553
[+] Progress: Completed depth 200m
  Depth:  200m | Avg Salinity: 33.8180
  Depth:  210m | Avg Salinity: 33.8529
  Depth:  220m | Avg Salinity: 33.7845
  Depth:  230m | Avg Salinity: 33.8548
  Depth:  240m | Avg Salinity: 33.8121
[+] Progress: Completed depth 250m
  Depth:  250m | Avg Salinity: 33.8979
  Depth:  260m | Avg Salinity: 33.8832
  Depth:  270m | Avg Salinity: 33.8832
  Depth:  280m | Avg Salinity: 33.9399
  Depth:  290m | Avg Salinity: 33.9149
[+] Progress: Completed depth 300m
  Depth:  300m | Avg Salinity: 33.9907
[-] Error on query 3 at depth 310m: Model response timeout (504)
  Depth:  320m | Avg Salinity: 34.0142
  Depth:  330m | Avg Salinity: 34.0395
  Depth:  340m | Avg Salinity: 34.0177
[+] Progress: Completed depth 350m
  Depth:  350m | Avg Salinity: 34.0733
  Depth:  360m | Avg Salinity: 34.0128
  Depth:  370m | Avg Salinity: 34.0993
  Depth:  380m | Avg Salinity: 34.0641
  Depth:  390m | Avg Salinity: 34.0943
[+] Progress: Completed depth 400m
  Depth:  400m | Avg Salinity: 34.0604
  Depth:  410m | Avg Salinity: 34.0780
  Depth:  420m | Avg Salinity: 34.0827
  Depth:  430m | Avg Salinity: 34.1582
  Depth:  440m | Avg Salinity: 34.1542
[+] Progress: Completed depth 450m
  Depth:  450m | Avg Salinity: 34.2012
  Depth:  460m | Avg Salinity: 34.2066
  Depth:  470m | Avg Salinity: 34.1795
  Depth:  480m | Avg Salinity: 34.1897
  Depth:  490m | Avg Salinity: 34.2280
[+] Progress: Completed depth 500m
  Depth:  500m | Avg Salinity: 34.2605
  Depth:  510m | Avg Salinity: 34.2302
  Depth:  520m | Avg Salinity: 34.2618
  Depth:  530m | Avg Salinity: 34.3009
  Depth:  540m | Avg Salinity: 34.3015
[+] Progress: Completed depth 550m
  Depth:  550m | Avg Salinity: 34.3484
  Depth:  560m | Avg Salinity: 34.3560
  Depth:  570m | Avg Salinity: 34.3474
  Depth:  580m | Avg Salinity: 34.3394
  Depth:  590m | Avg Salinity: 34.3579
[+] Progress: Completed depth 600m
  Depth:  600m | Avg Salinity: 34.3649
  Depth:  610m | Avg Salinity: 34.3689
  Depth:  620m | Avg Salinity: 34.4011
  Depth:  630m | Avg Salinity: 34.4493
  Depth:  640m | Avg Salinity: 34.4397
[+] Progress: Completed depth 650m
  Depth:  650m | Avg Salinity: 34.5248
  Depth:  660m | Avg Salinity: 34.4901
  Depth:  670m | Avg Salinity: 34.5401
  Depth:  680m | Avg Salinity: 34.4993
  Depth:  690m | Avg Salinity: 34.5262
[+] Progress: Completed depth 700m
  Depth:  700m | Avg Salinity: 34.5569
  Depth:  710m | Avg Salinity: 34.6024
  Depth:  720m | Avg Salinity: 34.6204
  Depth:  730m | Avg Salinity: 34.6257
  Depth:  740m | Avg Salinity: 34.5965
[+] Progress: Completed depth 750m
  Depth:  750m | Avg Salinity: 34.6697
  Depth:  760m | Avg Salinity: 34.6291
  Depth:  770m | Avg Salinity: 34.6112
  Depth:  780m | Avg Salinity: 34.6977
  Depth:  790m | Avg Salinity: 34.7232
[+] Progress: Completed depth 800m
  Depth:  800m | Avg Salinity: 34.7126
  Depth:  810m | Avg Salinity: 34.6758
  Depth:  820m | Avg Salinity: 34.7548
[-] Error on query 3 at depth 830m: Model response timeout (504)
  Depth:  840m | Avg Salinity: 34.7593
[+] Progress: Completed depth 850m
  Depth:  850m | Avg Salinity: 34.7921
  Depth:  860m | Avg Salinity: 34.8214
  Depth:  870m | Avg Salinity: 34.7673
[+] Attack completed.
[+] Collected 474 data points.
[+] Reconstructed salinity profile saved to reconstructed_profile_22.3_114.2.csv
