[*] taskId: task-b3ecc7290955
[+] Starting model inversion attack on target area (22.3000, 114.2000)
[+] Probing depth from 0m to 729m with step 5m
  Depth:    0m | Avg Salinity: 33.4574
  Depth:    5m | Avg Salinity: 33.5364
  Depth:   10m | Avg Salinity: 33.5331
  Depth:   15m | Avg Salinity: 33.4939
  Depth:   20m | Avg Salinity: 33.5242
  Depth:   25m | Avg Salinity: 33.5374
  Depth:   30m | Avg Salinity: 33.5162
  Depth:   35m | Avg Salinity: 33.5134
  Depth:   40m | Avg Salinity: 33.5160
  Depth:   45m | Avg Salinity: 33.5181
[+] Progress: Completed depth 50m
  Depth:   50m | Avg Salinity: 33.5643
  Depth:   55m | Avg Salinity: 33.6294
[-] Error on query 2 at depth 60m: Model response timeout (504)
  Depth:   65m | Avg Salinity: 33.5744
  Depth:   70m | Avg Salinity: 33.5556
  Depth:   75m | Avg Salinity: 33.6056
  Depth:   80m | Avg Salinity: 33.6306
  Depth:   85m | Avg Salinity: 33.6367
  Depth:   90m | Avg Salinity: 33.6514
  Depth:   95m | Avg Salinity: 33.6838
[+] Progress: Completed depth 100m
  Depth:  100m | Avg Salinity: 33.6006
  Depth:  105m | Avg Salinity: 33.6777
  Depth:  110m | Avg Salinity: 33.6353
[-] Error on query 2 at depth 115m: Model response timeout (504)
  Depth:  120m | Avg Salinity: 33.6891
  Depth:  125m | Avg Salinity: 33.6938
  Depth:  130m | Avg Salinity: 33.7158
  Depth:  135m | Avg Salinity: 33.6637
  Depth:  140m | Avg Salinity: 33.7392
  Depth:  145m | Avg Salinity: 33.7327
[+] Progress: Completed depth 150m
  Depth:  150m | Avg Salinity: 33.7562
  Depth:  155m | Avg Salinity: 33.7529
  Depth:  160m | Avg Salinity: 33.7472
  Depth:  165m | Avg Salinity: 33.7327
  Depth:  170m | Avg Salinity: 33.7420
  Depth:  175m | Avg Salinity: 33.7234
  Depth:  180m | Avg Salinity: 33.7247
  Depth:  185m | Avg Salinity: 33.7323
  Depth:  190m | Avg Salinity: 33.7406
  Depth:  195m | Avg Salinity: 33.8395
[+] Progress: Completed depth 200m
  Depth:  200m | Avg Salinity: 33.8493
  Depth:  205m | Avg Salinity: 33.8558
  Depth:  210m | Avg Salinity: 33.8106
  Depth:  215m | Avg Salinity: 33.8341
  Depth:  220m | Avg Salinity: 33.8564
  Depth:  225m | Avg Salinity: 33.7951
  Depth:  230m | Avg Salinity: 33.8216
  Depth:  235m | Avg Salinity: 33.8641
  Depth:  240m | Avg Salinity: 33.8755
  Depth:  245m | Avg Salinity: 33.8793
[+] Progress: Completed depth 250m
  Depth:  250m | Avg Salinity: 33.9140
  Depth:  255m | Avg Salinity: 33.9015
  Depth:  260m | Avg Salinity: 33.8432
  Depth:  265m | Avg Salinity: 33.8862
  Depth:  270m | Avg Salinity: 33.9515
  Depth:  275m | Avg Salinity: 33.9274
  Depth:  280m | Avg Salinity: 33.9078
  Depth:  285m | Avg Salinity: 33.8980
[-] Error on query 3 at depth 290m: Model response timeout (504)
  Depth:  295m | Avg Salinity: 33.9077
[+] Progress: Completed depth 300m
  Depth:  300m | Avg Salinity: 33.9083
  Depth:  305m | Avg Salinity: 33.9115
  Depth:  310m | Avg Salinity: 33.9679
  Depth:  315m | Avg Salinity: 33.9843
  Depth:  320m | Avg Salinity: 34.0297
  Depth:  325m | Avg Salinity: 33.9685
  Depth:  330m | Avg Salinity: 34.0379
  Depth:  335m | Avg Salinity: 34.0040
  Depth:  340m | Avg Salinity: 34.0273
  Depth:  345m | Avg Salinity: 33.9873
[+] Progress: Completed depth 350m
  Depth:  350m | Avg Salinity: 34.0253
  Depth:  355m | Avg Salinity: 34.0293
  Depth:  360m | Avg Salinity: 34.0393
  Depth:  365m | Avg Salinity: 34.0965
  Depth:  370m | Avg Salinity: 34.1040
  Depth:  375m | Avg Salinity: 34.0709
  Depth:  380m | Avg Salinity: 34.1106
  Depth:  385m | Avg Salinity: 34.1173
  Depth:  390m | Avg Salinity: 34.1111
  Depth:  395m | Avg Salinity: 34.0574
[+] Progress: Completed depth 400m
  Depth:  400m | Avg Salinity: 34.0821
  Depth:  405m | Avg Salinity: 34.1138
  Depth:  410m | Avg Salinity: 34.0790
  Depth:  415m | Avg Salinity: 34.0905
  Depth:  420m | Avg Salinity: 34.1629
  Depth:  425m | Avg Salinity: 34.1477
  Depth:  430m | Avg Salinity: 34.1628
  Depth:  435m | Avg Salinity: 34.1197
  Depth:  440m | Avg Salinity: 34.2005
  Depth:  445m | Avg Salinity: 34.1920
[+] Progress: Completed depth 450m
  Depth:  450m | Avg Salinity: 34.1694
  Depth:  455m | Avg Salinity: 34.1856
  Depth:  460m | Avg Salinity: 34.2005
  Depth:  465m | Avg Salinity: 34.2399
  Depth:  470m | Avg Salinity: 34.1798
  Depth:  475m | Avg Salinity: 34.2008
  Depth:  480m | Avg Salinity: 34.2407
  Depth:  485m | Avg Salinity: 34.2392
  Depth:  490m | Avg Salinity: 34.2054
  Depth:  495m | Avg Salinity: 34.2597
[+] Progress: Completed depth 500m
  Depth:  500m | Avg Salinity: 34.2748
  Depth:  505m | Avg Salinity: 34.2900
  Depth:  510m | Avg Salinity: 34.2628
  Depth:  515m | Avg Salinity: 34.2245
  Depth:  520m | Avg Salinity: 34.2896
  Depth:  525m | Avg Salinity: 34.2825
  Depth:  530m | Avg Salinity: 34.2480
  Depth:  535m | Avg Salinity: 34.2954
  Depth:  540m | Avg Salinity: 34.2723
  Depth:  545m | Avg Salinity: 34.3025
[+] Progress: Completed depth 550m
  Depth:  550m | Avg Salinity: 34.3035
  Depth:  555m | Avg Salinity: 34.3765
  Depth:  560m | Avg Salinity: 34.3417
  Depth:  565m | Avg Salinity: 34.3059
  Depth:  570m | Avg Salinity: 34.3258
  Depth:  575m | Avg Salinity: 34.3708
  Depth:  580m | Avg Salinity: 34.4078
  Depth:  585m | Avg Salinity: 34.3939
  Depth:  590m | Avg Salinity: 34.4010
  Depth:  595m | Avg Salinity: 34.3600
[+] Progress: Completed depth 600m
  Depth:  600m | Avg Salinity: 34.3767
  Depth:  605m | Avg Salinity: 34.4379
  Depth:  610m | Avg Salinity: 34.4133
  Depth:  615m | Avg Salinity: 34.3732
  Depth:  620m | Avg Salinity: 34.4326
  Depth:  625m | Avg Salinity: 34.4415
  Depth:  630m | Avg Salinity: 34.4702
[-] Error on query 3 at depth 635m: Model response timeout (504)
  Depth:  640m | Avg Salinity: 34.4775
  Depth:  645m | Avg Salinity: 34.4303
[+] Progress: Completed depth 650m
  Depth:  650m | Avg Salinity: 34.5238
  Depth:  655m | Avg Salinity: 34.4682
  Depth:  660m | Avg Salinity: 34.4898
  Depth:  665m | Avg Salinity: 34.5022
  Depth:  670m | Avg Salinity: 34.4686
  Depth:  675m | Avg Salinity: 34.5555
  Depth:  680m | Avg Salinity: 34.5072
  Depth:  685m | Avg Salinity: 34.5589
  Depth:  690m | Avg Salinity: 34.5804
  Depth:  695m | Avg Salinity: 34.5208
[+] Progress: Completed depth 700m
  Depth:  700m | Avg Salinity: 34.5606
  Depth:  705m | Avg Salinity: 34.6013
  Depth:  710m | Avg Salinity: 34.5934
  Depth:  715m | Avg Salinity: 34.5842
  Depth:  720m | Avg Salinity: 34.6082
  Depth:  725m | Avg Salinity: 34.5707
  Depth:  730m | Avg Salinity: 34.6245
[+] Attack completed.
[+] Collected 807 data points.
[+] Reconstructed salinity profile saved to reconstructed_profile_22.3_114.2.csv
