[*] taskId: task-ebc72b075b4d
[+] Starting model inversion attack on target area (34.0000, 135.0000)
[+] Probing depth from 0m to 691m with step 5m
  Depth:    0m | Avg Salinity: 33.5460
  Depth:    5m | Avg Salinity: 33.4604
  Depth:   10m | Avg Salinity: 33.5554
  Depth:   15m | Avg Salinity: 33.5198
  Depth:   20m | Avg Salinity: 33.4880
  Depth:   25m | Avg Salinity: 33.5350
  Depth:   30m | Avg Salinity: 33.5029
  Depth:   35m | Avg Salinity: 33.5464
  Depth:   40m | Avg Salinity: 33.5715
  Depth:   45m | Avg Salinity: 33.5546
[+] Progress: Completed depth 50m
  Depth:   50m | Avg Salinity: 33.6058
  Depth:   55m | Avg Salinity: 33.5368
  Depth:   60m | Avg Salinity: 33.5480
  Depth:   65m | Avg Salinity: 33.5770
  Depth:   70m | Avg Salinity: 33.5605
  Depth:   75m | Avg Salinity: 33.6353
  Depth:   80m | Avg Salinity: 33.6648
  Depth:   85m | Avg Salinity: 33.6438
  Depth:   90m | Avg Salinity: 33.6056
  Depth:   95m | Avg Salinity: 33.6525
[+] Progress: Completed depth 100m
  Depth:  100m | Avg Salinity: 33.6770
  Depth:  105m | Avg Salinity: 33.6996
  Depth:  110m | Avg Salinity: 33.6180
  Depth:  115m | Avg Salinity: 33.6784
  Depth:  120m | Avg Salinity: 33.7159
  Depth:  125m | Avg Salinity: 33.7357
  Depth:  130m | Avg Salinity: 33.6603
  Depth:  135m | Avg Salinity: 33.7159
  Depth:  140m | Avg Salinity: 33.6822
  Depth:  145m | Avg Salinity: 33.6989
[+] Progress: Completed depth 150m
  Depth:  150m | Avg Salinity: 33.7089
  Depth:  155m | Avg Salinity: 33.7342
  Depth:  160m | Avg Salinity: 33.7470
  Depth:  165m | Avg Salinity: 33.7597
  Depth:  170m | Avg Salinity: 33.7127
  Depth:  175m | Avg Salinity: 33.7660
  Depth:  180m | Avg Salinity: 33.7713
  Depth:  185m | Avg Salinity: 33.8237
  Depth:  190m | Avg Salinity: 33.8083
  Depth:  195m | Avg Salinity: 33.7830
[+] Progress: Completed depth 200m
  Depth:  200m | Avg Salinity: 33.7709
  Depth:  205m | Avg Salinity: 33.7855
  Depth:  210m | Avg Salinity: 33.7717
  Depth:  215m | Avg Salinity: 33.8036
  Depth:  220m | Avg Salinity: 33.8551
  Depth:  225m | Avg Salinity: 33.8379
  Depth:  230m | Avg Salinity: 33.8675
  Depth:  235m | Avg Salinity: 33.8446
  Depth:  240m | Avg Salinity: 33.8312
  Depth:  245m | Avg Salinity: 33.8757
[+] Progress: Completed depth 250m
  Depth:  250m | Avg Salinity: 33.8687
  Depth:  255m | Avg Salinity: 33.8632
  Depth:  260m | Avg Salinity: 33.9248
  Depth:  265m | Avg Salinity: 33.9321
  Depth:  270m | Avg Salinity: 33.8667
  Depth:  275m | Avg Salinity: 33.9329
  Depth:  280m | Avg Salinity: 33.8885
[-] Error on query 5 at depth 285m: Model response timeout (504)
  Depth:  290m | Avg Salinity: 33.9543
[-] Error on query 5 at depth 295m: Model response timeout (504)
[+] Progress: Completed depth 300m
  Depth:  300m | Avg Salinity: 33.9694
  Depth:  305m | Avg Salinity: 33.9652
  Depth:  310m | Avg Salinity: 33.9512
  Depth:  315m | Avg Salinity: 34.0159
  Depth:  320m | Avg Salinity: 33.9363
[-] Error on query 3 at depth 325m: Model response timeout (504)
  Depth:  330m | Avg Salinity: 33.9467
  Depth:  335m | Avg Salinity: 34.0221
  Depth:  340m | Avg Salinity: 33.9876
[-] Error on query 5 at depth 345m: Model response timeout (504)
[+] Progress: Completed depth 350m
  Depth:  350m | Avg Salinity: 33.9752
  Depth:  355m | Avg Salinity: 34.0113
  Depth:  360m | Avg Salinity: 34.0155
  Depth:  365m | Avg Salinity: 34.0872
  Depth:  370m | Avg Salinity: 34.0084
  Depth:  375m | Avg Salinity: 34.0394
  Depth:  380m | Avg Salinity: 34.0374
  Depth:  385m | Avg Salinity: 34.1031
  Depth:  390m | Avg Salinity: 34.1263
  Depth:  395m | Avg Salinity: 34.0612
[+] Progress: Completed depth 400m
[-] Error on query 4 at depth 400m: Model response timeout (504)
  Depth:  405m | Avg Salinity: 34.1381
  Depth:  410m | Avg Salinity: 34.1147
  Depth:  415m | Avg Salinity: 34.0779
  Depth:  420m | Avg Salinity: 34.1631
  Depth:  425m | Avg Salinity: 34.0965
  Depth:  430m | Avg Salinity: 34.1538
  Depth:  435m | Avg Salinity: 34.1188
  Depth:  440m | Avg Salinity: 34.1242
  Depth:  445m | Avg Salinity: 34.1642
[+] Progress: Completed depth 450m
  Depth:  450m | Avg Salinity: 34.1953
  Depth:  455m | Avg Salinity: 34.1493
[-] Error on query 3 at depth 460m: Model response timeout (504)
[-] Error on query 3 at depth 465m: Model response timeout (504)
  Depth:  470m | Avg Salinity: 34.1702
  Depth:  475m | Avg Salinity: 34.2562
  Depth:  480m | Avg Salinity: 34.2557
  Depth:  485m | Avg Salinity: 34.2045
  Depth:  490m | Avg Salinity: 34.2029
  Depth:  495m | Avg Salinity: 34.2740
[+] Progress: Completed depth 500m
  Depth:  500m | Avg Salinity: 34.2588
  Depth:  505m | Avg Salinity: 34.2238
  Depth:  510m | Avg Salinity: 34.2889
  Depth:  515m | Avg Salinity: 34.2620
  Depth:  520m | Avg Salinity: 34.2741
  Depth:  525m | Avg Salinity: 34.2860
  Depth:  530m | Avg Salinity: 34.2566
  Depth:  535m | Avg Salinity: 34.3523
  Depth:  540m | Avg Salinity: 34.3003
  Depth:  545m | Avg Salinity: 34.3006
[+] Progress: Completed depth 550m
  Depth:  550m | Avg Salinity: 34.3743
  Depth:  555m | Avg Salinity: 34.3417
  Depth:  560m | Avg Salinity: 34.2936
  Depth:  565m | Avg Salinity: 34.3713
  Depth:  570m | Avg Salinity: 34.3333
  Depth:  575m | Avg Salinity: 34.4089
  Depth:  580m | Avg Salinity: 34.3782
  Depth:  585m | Avg Salinity: 34.3663
  Depth:  590m | Avg Salinity: 34.3383
  Depth:  595m | Avg Salinity: 34.4216
[+] Progress: Completed depth 600m
  Depth:  600m | Avg Salinity: 34.4159
  Depth:  605m | Avg Salinity: 34.3600
  Depth:  610m | Avg Salinity: 34.4639
  Depth:  615m | Avg Salinity: 34.4267
  Depth:  620m | Avg Salinity: 34.4618
  Depth:  625m | Avg Salinity: 34.4782
  Depth:  630m | Avg Salinity: 34.4812
  Depth:  635m | Avg Salinity: 34.4157
  Depth:  640m | Avg Salinity: 34.4349
  Depth:  645m | Avg Salinity: 34.4715
[+] Progress: Completed depth 650m
  Depth:  650m | Avg Salinity: 34.4793
  Depth:  655m | Avg Salinity: 34.4564
  Depth:  660m | Avg Salinity: 34.4708
  Depth:  665m | Avg Salinity: 34.5384
  Depth:  670m | Avg Salinity: 34.4767
  Depth:  675m | Avg Salinity: 34.5497
  Depth:  680m | Avg Salinity: 34.5621
  Depth:  685m | Avg Salinity: 34.5096
  Depth:  690m | Avg Salinity: 34.5115
  Depth:  695m | Avg Salinity: 34.5742
[+] Attack completed.
[+] Collected 713 data points.
[+] Reconstructed salinity profile saved to reconstructed_profile_34.0_135.0.csv
