[2025-11-22 16:48:54] [INFO] Task started: Data_Collection_Worker
[2025-11-22 16:48:56] [INFO] Initializing Model Stealer against target: high_precision_wave_forecast_v3
[2025-11-22 16:48:59] [INFO] Generating 25384 query inputs using 'adaptive' strategy...
[2025-11-22 16:48:59] [INFO] Starting model stealing process. Target: 25384 queries.
[2025-11-22 16:48:59] [INFO] Preparing batch 1/50 (1000 samples)...
[2025-11-22 16:49:00] [INFO] Querying target model for batch...
[2025-11-22 16:49:00] [INFO]     Batch complete. Total stolen: 1000.
[2025-11-22 16:49:03] [INFO] Preparing batch 2/50 (1000 samples)...
[2025-11-22 16:49:04] [INFO] Querying target model for batch...
[2025-11-22 16:49:04] [INFO]     Batch complete. Total stolen: 2000.
[2025-11-22 16:49:05] [INFO] Preparing batch 3/50 (1000 samples)...
[2025-11-22 16:49:07] [INFO] Querying target model for batch...
[2025-11-22 16:49:07] [INFO]     Batch complete. Total stolen: 3000.
[2025-11-22 16:49:08] [INFO] Preparing batch 4/50 (1000 samples)...
[2025-11-22 16:49:10] [INFO] Querying target model for batch...
[2025-11-22 16:49:10] [INFO]     Batch complete. Total stolen: 4000.
[2025-11-22 16:49:12] [INFO] Preparing batch 5/50 (1000 samples)...
[2025-11-22 16:49:13] [INFO] Querying target model for batch...
[2025-11-22 16:49:13] [INFO]     Batch complete. Total stolen: 5000.
[2025-11-22 16:49:15] [INFO] Training substitute model on stolen data...
[2025-11-22 16:49:15] [INFO]     Substitute model R² score: 0.5212
[2025-11-22 16:49:15] [INFO]     Intermediate substitute model trained and evaluated.
[2025-11-22 16:49:17] [INFO] Preparing batch 6/50 (1000 samples)...
[2025-11-22 16:49:18] [INFO] Querying target model for batch...
[2025-11-22 16:49:18] [INFO]     Batch complete. Total stolen: 6000.
[2025-11-22 16:49:19] [INFO] Preparing batch 7/50 (1000 samples)...
[2025-11-22 16:49:21] [INFO] Querying target model for batch...
[2025-11-22 16:49:21] [INFO]     Batch complete. Total stolen: 7000.
[2025-11-22 16:49:22] [INFO] Preparing batch 8/50 (1000 samples)...
[2025-11-22 16:49:23] [INFO] Querying target model for batch...
[2025-11-22 16:49:23] [INFO]     Batch complete. Total stolen: 8000.
[2025-11-22 16:49:25] [INFO] Preparing batch 9/50 (1000 samples)...
[2025-11-22 16:49:26] [INFO] Querying target model for batch...
[2025-11-22 16:49:26] [INFO]     Batch complete. Total stolen: 9000.
[2025-11-22 16:49:29] [INFO] Preparing batch 10/50 (1000 samples)...
[2025-11-22 16:49:30] [INFO] Querying target model for batch...
[2025-11-22 16:49:30] [INFO]     Batch complete. Total stolen: 10000.
[2025-11-22 16:49:35] [INFO] Training substitute model on stolen data...
[2025-11-22 16:49:35] [INFO]     Substitute model R² score: 0.6625
[2025-11-22 16:49:35] [INFO]     Intermediate substitute model trained and evaluated.
[2025-11-22 16:49:36] [INFO] Preparing batch 11/50 (1000 samples)...
[2025-11-22 16:49:37] [INFO] Querying target model for batch...
[2025-11-22 16:49:37] [INFO]     Batch complete. Total stolen: 11000.
[2025-11-22 16:49:40] [INFO] Preparing batch 12/50 (1000 samples)...
[2025-11-22 16:49:41] [INFO] Querying target model for batch...
[2025-11-22 16:49:41] [INFO]     Batch complete. Total stolen: 12000.
[2025-11-22 16:49:44] [INFO] Preparing batch 13/50 (1000 samples)...
[2025-11-22 16:49:44] [INFO] Querying target model for batch...
[2025-11-22 16:49:44] [INFO]     Batch complete. Total stolen: 13000.
[2025-11-22 16:49:46] [INFO] Preparing batch 14/50 (1000 samples)...
[2025-11-22 16:49:47] [INFO] Querying target model for batch...
[2025-11-22 16:49:47] [INFO]     Batch complete. Total stolen: 14000.
[2025-11-22 16:49:48] [INFO] Preparing batch 15/50 (1000 samples)...
[2025-11-22 16:49:49] [INFO] Querying target model for batch...
[2025-11-22 16:49:49] [INFO]     Batch complete. Total stolen: 15000.
[2025-11-22 16:49:52] [INFO] Training substitute model on stolen data...
[2025-11-22 16:49:52] [INFO]     Substitute model R² score: 0.7647
[2025-11-22 16:49:52] [INFO]     Intermediate substitute model trained and evaluated.
[2025-11-22 16:49:55] [INFO] Training final substitute model...
[2025-11-22 16:50:03] [INFO]     Training substitute model on stolen data...
[2025-11-22 16:50:03] [INFO]     Substitute model R² score: 0.9231
[2025-11-22 16:50:03] [INFO] Model stealing finished! Files saved.
[2025-11-22 16:50:03] [INFO] Final model saved to: stolen_wave_model_final.joblib
[2025-11-22 16:50:03] [INFO] Stolen dataset saved to: stolen_wave_model_stolen_dataset.csv
[2025-11-22 16:50:03] [INFO] Total queries successful: 15000
