[2025-11-21 16:48:54] [INFO] Task started: Data_Collection_Worker
[2025-11-21 16:48:55] [INFO] Initializing Model Stealer against target: high_precision_wave_forecast_v3
[2025-11-21 16:48:57] [INFO] Generating 21303 query inputs using 'adaptive' strategy...
[2025-11-21 16:48:57] [INFO] Starting model stealing process. Target: 21303 queries.
[2025-11-21 16:48:57] [INFO] Preparing batch 1/50 (1000 samples)...
[2025-11-21 16:48:58] [INFO] Querying target model for batch...
[2025-11-21 16:48:58] [INFO]     Batch complete. Total stolen: 1000.
[2025-11-21 16:48:59] [INFO] Preparing batch 2/50 (1000 samples)...
[2025-11-21 16:49:00] [INFO] Querying target model for batch...
[2025-11-21 16:49:00] [INFO]     Batch complete. Total stolen: 2000.
[2025-11-21 16:49:02] [INFO] Preparing batch 3/50 (1000 samples)...
[2025-11-21 16:49:04] [INFO] Querying target model for batch...
[2025-11-21 16:49:04] [INFO]     Batch complete. Total stolen: 3000.
[2025-11-21 16:49:07] [INFO] Preparing batch 4/50 (1000 samples)...
[2025-11-21 16:49:08] [INFO] Querying target model for batch...
[2025-11-21 16:49:08] [INFO]     Batch complete. Total stolen: 4000.
[2025-11-21 16:49:10] [INFO] Preparing batch 5/50 (1000 samples)...
[2025-11-21 16:49:12] [INFO] Querying target model for batch...
[2025-11-21 16:49:12] [INFO]     Batch complete. Total stolen: 5000.
[2025-11-21 16:49:15] [INFO] Training substitute model on stolen data...
[2025-11-21 16:49:15] [INFO]     Substitute model R² score: 0.5188
[2025-11-21 16:49:15] [INFO]     Intermediate substitute model trained and evaluated.
[2025-11-21 16:49:18] [INFO] Preparing batch 6/50 (1000 samples)...
[2025-11-21 16:49:19] [INFO] Querying target model for batch...
[2025-11-21 16:49:19] [INFO]     Batch complete. Total stolen: 6000.
[2025-11-21 16:49:21] [INFO] Preparing batch 7/50 (1000 samples)...
[2025-11-21 16:49:22] [INFO] Querying target model for batch...
[2025-11-21 16:49:22] [INFO]     Batch complete. Total stolen: 7000.
[2025-11-21 16:49:24] [INFO] Preparing batch 8/50 (1000 samples)...
[2025-11-21 16:49:25] [INFO] Querying target model for batch...
[2025-11-21 16:49:25] [INFO]     Batch complete. Total stolen: 8000.
[2025-11-21 16:49:28] [INFO] Preparing batch 9/50 (1000 samples)...
[2025-11-21 16:49:30] [INFO] Querying target model for batch...
[2025-11-21 16:49:30] [INFO]     Batch complete. Total stolen: 9000.
[2025-11-21 16:49:32] [INFO] Preparing batch 10/50 (1000 samples)...
[2025-11-21 16:49:33] [INFO] Querying target model for batch...
[2025-11-21 16:49:33] [INFO]     Batch complete. Total stolen: 10000.
[2025-11-21 16:49:37] [INFO] Training substitute model on stolen data...
[2025-11-21 16:49:37] [INFO]     Substitute model R² score: 0.6684
[2025-11-21 16:49:37] [INFO]     Intermediate substitute model trained and evaluated.
[2025-11-21 16:49:39] [INFO] Preparing batch 11/50 (1000 samples)...
[2025-11-21 16:49:40] [INFO] Querying target model for batch...
[2025-11-21 16:49:40] [INFO]     Batch complete. Total stolen: 11000.
[2025-11-21 16:49:43] [INFO] Preparing batch 12/50 (1000 samples)...
[2025-11-21 16:49:45] [INFO] Querying target model for batch...
[2025-11-21 16:49:45] [INFO]     Batch complete. Total stolen: 12000.
[2025-11-21 16:49:48] [INFO] Preparing batch 13/50 (1000 samples)...
[2025-11-21 16:49:49] [INFO] Querying target model for batch...
[2025-11-21 16:49:49] [INFO]     Batch complete. Total stolen: 13000.
[2025-11-21 16:49:51] [INFO] Preparing batch 14/50 (1000 samples)...
[2025-11-21 16:49:52] [INFO] Querying target model for batch...
[2025-11-21 16:49:52] [INFO]     Batch complete. Total stolen: 14000.
[2025-11-21 16:49:55] [INFO] Preparing batch 15/50 (1000 samples)...
[2025-11-21 16:49:56] [INFO] Querying target model for batch...
[2025-11-21 16:49:56] [INFO]     Batch complete. Total stolen: 15000.
[2025-11-21 16:50:00] [INFO] Training substitute model on stolen data...
[2025-11-21 16:50:00] [INFO]     Substitute model R² score: 0.7952
[2025-11-21 16:50:00] [INFO]     Intermediate substitute model trained and evaluated.
[2025-11-21 16:50:04] [INFO] Training final substitute model...
[2025-11-21 16:50:14] [INFO]     Training substitute model on stolen data...
[2025-11-21 16:50:14] [INFO]     Substitute model R² score: 0.9231
[2025-11-21 16:50:14] [INFO] Model stealing finished! Files saved.
[2025-11-21 16:50:14] [INFO] Final model saved to: stolen_wave_model_final.joblib
[2025-11-21 16:50:14] [INFO] Stolen dataset saved to: stolen_wave_model_stolen_dataset.csv
[2025-11-21 16:50:14] [INFO] Total queries successful: 15000
