[2025-12-01 16:48:54] [INFO] Task started: Data_Collection_Worker
[2025-12-01 16:48:54] [INFO] Initializing Model Stealer against target: high_precision_wave_forecast_v3
[2025-12-01 16:48:57] [INFO] Generating 20411 query inputs using 'adaptive' strategy...
[2025-12-01 16:48:57] [INFO] Starting model stealing process. Target: 20411 queries.
[2025-12-01 16:48:57] [INFO] Preparing batch 1/50 (1000 samples)...
[2025-12-01 16:48:58] [INFO] Querying target model for batch...
[2025-12-01 16:48:58] [INFO]     Batch complete. Total stolen: 1000.
[2025-12-01 16:49:00] [INFO] Preparing batch 2/50 (1000 samples)...
[2025-12-01 16:49:02] [INFO] Querying target model for batch...
[2025-12-01 16:49:02] [INFO]     Batch complete. Total stolen: 2000.
[2025-12-01 16:49:04] [INFO] Preparing batch 3/50 (1000 samples)...
[2025-12-01 16:49:04] [INFO] Querying target model for batch...
[2025-12-01 16:49:04] [INFO]     Batch complete. Total stolen: 3000.
[2025-12-01 16:49:07] [INFO] Preparing batch 4/50 (1000 samples)...
[2025-12-01 16:49:08] [INFO] Querying target model for batch...
[2025-12-01 16:49:08] [INFO]     Batch complete. Total stolen: 4000.
[2025-12-01 16:49:11] [INFO] Preparing batch 5/50 (1000 samples)...
[2025-12-01 16:49:11] [INFO] Querying target model for batch...
[2025-12-01 16:49:11] [INFO]     Batch complete. Total stolen: 5000.
[2025-12-01 16:49:15] [INFO] Training substitute model on stolen data...
[2025-12-01 16:49:15] [INFO]     Substitute model R² score: 0.5291
[2025-12-01 16:49:15] [INFO]     Intermediate substitute model trained and evaluated.
[2025-12-01 16:49:16] [INFO] Preparing batch 6/50 (1000 samples)...
[2025-12-01 16:49:17] [INFO] Querying target model for batch...
[2025-12-01 16:49:17] [INFO]     Batch complete. Total stolen: 6000.
[2025-12-01 16:49:19] [INFO] Preparing batch 7/50 (1000 samples)...
[2025-12-01 16:49:21] [INFO] Querying target model for batch...
[2025-12-01 16:49:21] [INFO]     Batch complete. Total stolen: 7000.
[2025-12-01 16:49:22] [INFO] Preparing batch 8/50 (1000 samples)...
[2025-12-01 16:49:24] [INFO] Querying target model for batch...
[2025-12-01 16:49:24] [INFO]     Batch complete. Total stolen: 8000.
[2025-12-01 16:49:27] [INFO] Preparing batch 9/50 (1000 samples)...
[2025-12-01 16:49:28] [INFO] Querying target model for batch...
[2025-12-01 16:49:28] [INFO]     Batch complete. Total stolen: 9000.
[2025-12-01 16:49:31] [INFO] Preparing batch 10/50 (1000 samples)...
[2025-12-01 16:49:32] [INFO] Querying target model for batch...
[2025-12-01 16:49:32] [INFO]     Batch complete. Total stolen: 10000.
[2025-12-01 16:49:36] [INFO] Training substitute model on stolen data...
[2025-12-01 16:49:36] [INFO]     Substitute model R² score: 0.6535
[2025-12-01 16:49:36] [INFO]     Intermediate substitute model trained and evaluated.
[2025-12-01 16:49:39] [INFO] Preparing batch 11/50 (1000 samples)...
[2025-12-01 16:49:40] [INFO] Querying target model for batch...
[2025-12-01 16:49:40] [INFO]     Batch complete. Total stolen: 11000.
[2025-12-01 16:49:43] [INFO] Preparing batch 12/50 (1000 samples)...
[2025-12-01 16:49:44] [INFO] Querying target model for batch...
[2025-12-01 16:49:44] [INFO]     Batch complete. Total stolen: 12000.
[2025-12-01 16:49:46] [INFO] Preparing batch 13/50 (1000 samples)...
[2025-12-01 16:49:46] [INFO] Querying target model for batch...
[2025-12-01 16:49:46] [INFO]     Batch complete. Total stolen: 13000.
[2025-12-01 16:49:50] [INFO] Preparing batch 14/50 (1000 samples)...
[2025-12-01 16:49:51] [INFO] Querying target model for batch...
[2025-12-01 16:49:51] [INFO]     Batch complete. Total stolen: 14000.
[2025-12-01 16:49:54] [INFO] Preparing batch 15/50 (1000 samples)...
[2025-12-01 16:49:55] [INFO] Querying target model for batch...
[2025-12-01 16:49:55] [INFO]     Batch complete. Total stolen: 15000.
[2025-12-01 16:49:58] [INFO] Training substitute model on stolen data...
[2025-12-01 16:49:58] [INFO]     Substitute model R² score: 0.7692
[2025-12-01 16:49:58] [INFO]     Intermediate substitute model trained and evaluated.
[2025-12-01 16:50:01] [INFO] Training final substitute model...
[2025-12-01 16:50:09] [INFO]     Training substitute model on stolen data...
[2025-12-01 16:50:09] [INFO]     Substitute model R² score: 0.9231
[2025-12-01 16:50:09] [INFO] Model stealing finished! Files saved.
[2025-12-01 16:50:09] [INFO] Final model saved to: stolen_wave_model_final.joblib
[2025-12-01 16:50:09] [INFO] Stolen dataset saved to: stolen_wave_model_stolen_dataset.csv
[2025-12-01 16:50:09] [INFO] Total queries successful: 15000
